2023-02-10 16:53:08 [::1][-][lij834pju800k1unkgnl1aj3u6][error][yii\db\Exception] PDOException: SQLSTATE[HY000]: General error: 1 no such table: options in D:\wamp64\www\Feehi_CMS\vendor\yiisoft\yii2\db\Command.php:259
Stack trace:
#0 D:\wamp64\www\Feehi_CMS\vendor\yiisoft\yii2\db\Command.php(259): PDO->prepare('SELECT * FROM `...')
#1 D:\wamp64\www\Feehi_CMS\vendor\yiisoft\yii2\db\Command.php(1153): yii\db\Command->prepare(true)
#2 D:\wamp64\www\Feehi_CMS\vendor\yiisoft\yii2\db\sqlite\Command.php(54): yii\db\Command->queryInternal('fetchAll', NULL)
#3 D:\wamp64\www\Feehi_CMS\vendor\yiisoft\yii2\db\Command.php(399): yii\db\sqlite\Command->queryInternal('fetchAll', NULL)
#4 D:\wamp64\www\Feehi_CMS\vendor\yiisoft\yii2\db\Query.php(237): yii\db\Command->queryAll()
#5 D:\wamp64\www\Feehi_CMS\vendor\yiisoft\yii2\db\ActiveQuery.php(133): yii\db\Query->all(NULL)
#6 D:\wamp64\www\Feehi_CMS\common\components\Feehi.php(47): yii\db\ActiveQuery->all()
#7 D:\wamp64\www\Feehi_CMS\vendor\yiisoft\yii2\base\BaseObject.php(109): common\components\Feehi->init()
#8 [internal function]: yii\base\BaseObject->__construct(Array)
#9 D:\wamp64\www\Feehi_CMS\vendor\yiisoft\yii2\di\Container.php(376): ReflectionClass->newInstanceArgs(Array)
#10 D:\wamp64\www\Feehi_CMS\vendor\yiisoft\yii2\di\Container.php(156): yii\di\Container->build('common\\componen...', Array, Array)
#11 D:\wamp64\www\Feehi_CMS\vendor\yiisoft\yii2\BaseYii.php(349): yii\di\Container->get('common\\componen...', Array, Array)
#12 D:\wamp64\www\Feehi_CMS\vendor\yiisoft\yii2\di\ServiceLocator.php(137): yii\BaseYii::createObject(Array)
#13 D:\wamp64\www\Feehi_CMS\vendor\yiisoft\yii2\base\Module.php(742): yii\di\ServiceLocator->get('feehi', true)
#14 D:\wamp64\www\Feehi_CMS\vendor\yiisoft\yii2\di\ServiceLocator.php(74): yii\base\Module->get('feehi')
#15 D:\wamp64\www\Feehi_CMS\common\components\Feehi.php(134): yii\di\ServiceLocator->__get('feehi')
#16 D:\wamp64\www\Feehi_CMS\common\components\Feehi.php(127): common\components\Feehi::mergeAdminUserSettingConfig()
#17 D:\wamp64\www\Feehi_CMS\common\components\Feehi.php(65): common\components\Feehi::configInit()
#18 [internal function]: common\components\Feehi::frontendInit(Object(yii\base\Event))
#19 D:\wamp64\www\Feehi_CMS\vendor\yiisoft\yii2\base\Component.php(627): call_user_func(Array, Object(yii\base\Event))
#20 D:\wamp64\www\Feehi_CMS\vendor\yiisoft\yii2\base\Application.php(383): yii\base\Component->trigger('beforeRequest')
#21 D:\wamp64\www\Feehi_CMS\frontend\web\index.php(17): yii\base\Application->run()
#22 {main}

Next yii\db\Exception: SQLSTATE[HY000]: General error: 1 no such table: options
Failed to prepare SQL: SELECT * FROM `options` WHERE (`type`=:qp0) OR ((`type`=:qp1) AND (`autoload`=:qp2)) in D:\wamp64\www\Feehi_CMS\vendor\yiisoft\yii2\db\Command.php:264
Stack trace:
#0 D:\wamp64\www\Feehi_CMS\vendor\yiisoft\yii2\db\Command.php(1153): yii\db\Command->prepare(true)
#1 D:\wamp64\www\Feehi_CMS\vendor\yiisoft\yii2\db\sqlite\Command.php(54): yii\db\Command->queryInternal('fetchAll', NULL)
#2 D:\wamp64\www\Feehi_CMS\vendor\yiisoft\yii2\db\Command.php(399): yii\db\sqlite\Command->queryInternal('fetchAll', NULL)
#3 D:\wamp64\www\Feehi_CMS\vendor\yiisoft\yii2\db\Query.php(237): yii\db\Command->queryAll()
#4 D:\wamp64\www\Feehi_CMS\vendor\yiisoft\yii2\db\ActiveQuery.php(133): yii\db\Query->all(NULL)
#5 D:\wamp64\www\Feehi_CMS\common\components\Feehi.php(47): yii\db\ActiveQuery->all()
#6 D:\wamp64\www\Feehi_CMS\vendor\yiisoft\yii2\base\BaseObject.php(109): common\components\Feehi->init()
#7 [internal function]: yii\base\BaseObject->__construct(Array)
#8 D:\wamp64\www\Feehi_CMS\vendor\yiisoft\yii2\di\Container.php(376): ReflectionClass->newInstanceArgs(Array)
#9 D:\wamp64\www\Feehi_CMS\vendor\yiisoft\yii2\di\Container.php(156): yii\di\Container->build('common\\componen...', Array, Array)
#10 D:\wamp64\www\Feehi_CMS\vendor\yiisoft\yii2\BaseYii.php(349): yii\di\Container->get('common\\componen...', Array, Array)
#11 D:\wamp64\www\Feehi_CMS\vendor\yiisoft\yii2\di\ServiceLocator.php(137): yii\BaseYii::createObject(Array)
#12 D:\wamp64\www\Feehi_CMS\vendor\yiisoft\yii2\base\Module.php(742): yii\di\ServiceLocator->get('feehi', true)
#13 D:\wamp64\www\Feehi_CMS\vendor\yiisoft\yii2\di\ServiceLocator.php(74): yii\base\Module->get('feehi')
#14 D:\wamp64\www\Feehi_CMS\common\components\Feehi.php(134): yii\di\ServiceLocator->__get('feehi')
#15 D:\wamp64\www\Feehi_CMS\common\components\Feehi.php(127): common\components\Feehi::mergeAdminUserSettingConfig()
#16 D:\wamp64\www\Feehi_CMS\common\components\Feehi.php(65): common\components\Feehi::configInit()
#17 [internal function]: common\components\Feehi::frontendInit(Object(yii\base\Event))
#18 D:\wamp64\www\Feehi_CMS\vendor\yiisoft\yii2\base\Component.php(627): call_user_func(Array, Object(yii\base\Event))
#19 D:\wamp64\www\Feehi_CMS\vendor\yiisoft\yii2\base\Application.php(383): yii\base\Component->trigger('beforeRequest')
#20 D:\wamp64\www\Feehi_CMS\frontend\web\index.php(17): yii\base\Application->run()
#21 {main}
Additional Information:
Array
(
    [0] => HY000
    [1] => 1
    [2] => no such table: options
)

2023-02-10 16:53:08 [::1][-][lij834pju800k1unkgnl1aj3u6][info][application] $_GET = []

$_POST = []

$_FILES = []

$_COOKIE = [
    'wordpress_logged_in_86a9106ae65537651a8e456835b316ab' => 'Wanwan|1677050114|nNbyePEJNhBeYqiB8uYorYIWKunt6T7RMavrsRtcg1G|76c634d69ffdb7d37ccc03881c3b12a5ed3cc861fc62b27ec0109e2af9f9c54b'
    'wp-settings-time-1' => '1675886118'
    '_identity-frontend' => 'd4b7ad72a8e6c6d95ab49812ead33890fe92444bd5e60117090753dae4aa3b2ba:2:{i:0;s:18:\"_identity-frontend\";i:1;s:46:\"[1,\"RxcspEY_9Aj9arphhsD7ftuXdBpzNgju\",2592000]\";}'
    '_identity-backend' => '8fa528a6c635a32cfb8b3a23f8f9872ffcee529b5080a0dca075b7006fa1656aa:2:{i:0;s:17:\"_identity-backend\";i:1;s:46:\"[1,\"RxcspEY_9Aj9arphhsD7ftuXdBpzNgju\",2592000]\";}'
    'PHPSESSID' => 'lij834pju800k1unkgnl1aj3u6'
    '_csrf_install' => '8209f5f5268ef859d00490e7561dc12ba65d8c972dbc6562cc6d90bdc504a6f9a:2:{i:0;s:13:\"_csrf_install\";i:1;s:32:\"PDxd8jqa7E5gJkdzJjdgfSSD5VT0qquQ\";}'
    'BACKEND_FEEHICMS' => 'bfg54j5r89b9a8lusah6peth61'
    '_csrf_backend' => 'bb3772f5c7467a8e6f812c96f7ccd1d68bddf83897cf9737d2d4d4a54d181fdea:2:{i:0;s:13:\"_csrf_backend\";i:1;s:32:\"235zaup_RmvtmJhj5_pAp2hAdLJkjFjP\";}'
]

$_SESSION = [
    '__flash' => []
]

$_SERVER = [
    'DOCUMENT_ROOT' => 'D:\\wamp64\\www\\Feehi_CMS\\frontend\\web'
    'REMOTE_ADDR' => '::1'
    'REMOTE_PORT' => '61422'
    'SERVER_SOFTWARE' => 'PHP 7.3.4 Development Server'
    'SERVER_PROTOCOL' => 'HTTP/1.1'
    'SERVER_NAME' => 'localhost'
    'SERVER_PORT' => '8080'
    'REQUEST_URI' => '/'
    'REQUEST_METHOD' => 'GET'
    'SCRIPT_NAME' => '/index.php'
    'SCRIPT_FILENAME' => 'D:\\wamp64\\www\\Feehi_CMS\\frontend\\web\\index.php'
    'PHP_SELF' => '/index.php'
    'HTTP_HOST' => 'localhost:8080'
    'HTTP_CONNECTION' => 'keep-alive'
    'HTTP_CACHE_CONTROL' => 'max-age=0'
    'HTTP_SEC_CH_UA' => '\"Not_A Brand\";v=\"99\", \"Microsoft Edge\";v=\"109\", \"Chromium\";v=\"109\"'
    'HTTP_SEC_CH_UA_MOBILE' => '?0'
    'HTTP_SEC_CH_UA_PLATFORM' => '\"Windows\"'
    'HTTP_UPGRADE_INSECURE_REQUESTS' => '1'
    'HTTP_USER_AGENT' => 'Mozilla/5.0 (Windows NT 10.0; Win64; x64) AppleWebKit/537.36 (KHTML, like Gecko) Chrome/109.0.0.0 Safari/537.36 Edg/109.0.1518.78'
    'HTTP_ACCEPT' => 'text/html,application/xhtml+xml,application/xml;q=0.9,image/webp,image/apng,*/*;q=0.8,application/signed-exchange;v=b3;q=0.9'
    'HTTP_SEC_FETCH_SITE' => 'none'
    'HTTP_SEC_FETCH_MODE' => 'navigate'
    'HTTP_SEC_FETCH_USER' => '?1'
    'HTTP_SEC_FETCH_DEST' => 'document'
    'HTTP_ACCEPT_ENCODING' => 'gzip, deflate, br'
    'HTTP_ACCEPT_LANGUAGE' => 'zh-CN,zh;q=0.9,en;q=0.8,en-GB;q=0.7,en-US;q=0.6'
    'HTTP_COOKIE' => 'wordpress_logged_in_86a9106ae65537651a8e456835b316ab=Wanwan%7C1677050114%7CnNbyePEJNhBeYqiB8uYorYIWKunt6T7RMavrsRtcg1G%7C76c634d69ffdb7d37ccc03881c3b12a5ed3cc861fc62b27ec0109e2af9f9c54b; wp-settings-time-1=1675886118; _identity-frontend=d4b7ad72a8e6c6d95ab49812ead33890fe92444bd5e60117090753dae4aa3b2ba%3A2%3A%7Bi%3A0%3Bs%3A18%3A%22_identity-frontend%22%3Bi%3A1%3Bs%3A46%3A%22%5B1%2C%22RxcspEY_9Aj9arphhsD7ftuXdBpzNgju%22%2C2592000%5D%22%3B%7D; _identity-backend=8fa528a6c635a32cfb8b3a23f8f9872ffcee529b5080a0dca075b7006fa1656aa%3A2%3A%7Bi%3A0%3Bs%3A17%3A%22_identity-backend%22%3Bi%3A1%3Bs%3A46%3A%22%5B1%2C%22RxcspEY_9Aj9arphhsD7ftuXdBpzNgju%22%2C2592000%5D%22%3B%7D; PHPSESSID=lij834pju800k1unkgnl1aj3u6; _csrf_install=8209f5f5268ef859d00490e7561dc12ba65d8c972dbc6562cc6d90bdc504a6f9a%3A2%3A%7Bi%3A0%3Bs%3A13%3A%22_csrf_install%22%3Bi%3A1%3Bs%3A32%3A%22PDxd8jqa7E5gJkdzJjdgfSSD5VT0qquQ%22%3B%7D; BACKEND_FEEHICMS=bfg54j5r89b9a8lusah6peth61; _csrf_backend=bb3772f5c7467a8e6f812c96f7ccd1d68bddf83897cf9737d2d4d4a54d181fdea%3A2%3A%7Bi%3A0%3Bs%3A13%3A%22_csrf_backend%22%3Bi%3A1%3Bs%3A32%3A%22235zaup_RmvtmJhj5_pAp2hAdLJkjFjP%22%3B%7D'
    'REQUEST_TIME_FLOAT' => 1676019188.4517
    'REQUEST_TIME' => 1676019188
]
2023-02-10 16:54:18 [::1][-][lij834pju800k1unkgnl1aj3u6][error][yii\base\ErrorException:2] yii\base\ErrorException: symlink(): Cannot create symlink, error code(1314) in D:\wamp64\www\Feehi_CMS\vendor\yiisoft\yii2\web\AssetManager.php:538
Stack trace:
#0 [internal function]: yii\base\ErrorHandler->handleError(2, 'symlink(): Cann...', 'D:\\wamp64\\www\\F...', 538, Array)
#1 D:\wamp64\www\Feehi_CMS\vendor\yiisoft\yii2\web\AssetManager.php(538): symlink('D:\\wamp64\\www\\F...', 'D:\\wamp64\\www\\F...')
#2 D:\wamp64\www\Feehi_CMS\vendor\yiisoft\yii2\web\AssetManager.php(466): yii\web\AssetManager->publishDirectory('D:\\wamp64\\www\\F...', Array)
#3 D:\wamp64\www\Feehi_CMS\vendor\yiisoft\yii2\web\AssetBundle.php(185): yii\web\AssetManager->publish('D:\\wamp64\\www\\F...', Array)
#4 D:\wamp64\www\Feehi_CMS\vendor\yiisoft\yii2\web\AssetManager.php(266): yii\web\AssetBundle->publish(Object(yii\web\AssetManager))
#5 D:\wamp64\www\Feehi_CMS\vendor\yiisoft\yii2\web\AssetManager.php(241): yii\web\AssetManager->loadBundle('frontend\\assets...', Array, true)
#6 D:\wamp64\www\Feehi_CMS\vendor\yiisoft\yii2\web\View.php(286): yii\web\AssetManager->getBundle('frontend\\assets...')
#7 D:\wamp64\www\Feehi_CMS\vendor\yiisoft\yii2\web\AssetBundle.php(125): yii\web\View->registerAssetBundle('frontend\\assets...')
#8 D:\wamp64\www\Feehi_CMS\frontend\views\article\index.php(29): yii\web\AssetBundle::register(Object(yii\web\View))
#9 D:\wamp64\www\Feehi_CMS\vendor\yiisoft\yii2\base\View.php(348): require('D:\\wamp64\\www\\F...')
#10 D:\wamp64\www\Feehi_CMS\vendor\yiisoft\yii2\base\View.php(257): yii\base\View->renderPhpFile('D:\\wamp64\\www\\F...', Array)
#11 D:\wamp64\www\Feehi_CMS\vendor\yiisoft\yii2\base\View.php(156): yii\base\View->renderFile('D:\\wamp64\\www\\F...', Array, Object(frontend\controllers\ArticleController))
#12 D:\wamp64\www\Feehi_CMS\vendor\yiisoft\yii2\base\Controller.php(384): yii\base\View->render('index', Array, Object(frontend\controllers\ArticleController))
#13 D:\wamp64\www\Feehi_CMS\frontend\controllers\ArticleController.php(108): yii\base\Controller->render('index', Array)
#14 [internal function]: frontend\controllers\ArticleController->actionIndex('')
#15 D:\wamp64\www\Feehi_CMS\vendor\yiisoft\yii2\base\InlineAction.php(57): call_user_func_array(Array, Array)
#16 D:\wamp64\www\Feehi_CMS\vendor\yiisoft\yii2\base\Controller.php(157): yii\base\InlineAction->runWithParams(Array)
#17 D:\wamp64\www\Feehi_CMS\vendor\yiisoft\yii2\base\Module.php(528): yii\base\Controller->runAction('index', Array)
#18 D:\wamp64\www\Feehi_CMS\vendor\yiisoft\yii2\web\Application.php(103): yii\base\Module->runAction('', Array)
#19 D:\wamp64\www\Feehi_CMS\vendor\yiisoft\yii2\base\Application.php(386): yii\web\Application->handleRequest(Object(yii\web\Request))
#20 D:\wamp64\www\Feehi_CMS\frontend\web\index.php(17): yii\base\Application->run()
#21 {main}
2023-02-10 16:54:18 [::1][-][lij834pju800k1unkgnl1aj3u6][info][application] $_GET = []

$_POST = []

$_FILES = []

$_COOKIE = [
    'wordpress_logged_in_86a9106ae65537651a8e456835b316ab' => 'Wanwan|1677050114|nNbyePEJNhBeYqiB8uYorYIWKunt6T7RMavrsRtcg1G|76c634d69ffdb7d37ccc03881c3b12a5ed3cc861fc62b27ec0109e2af9f9c54b'
    'wp-settings-time-1' => '1675886118'
    '_identity-frontend' => 'd4b7ad72a8e6c6d95ab49812ead33890fe92444bd5e60117090753dae4aa3b2ba:2:{i:0;s:18:\"_identity-frontend\";i:1;s:46:\"[1,\"RxcspEY_9Aj9arphhsD7ftuXdBpzNgju\",2592000]\";}'
    '_identity-backend' => '8fa528a6c635a32cfb8b3a23f8f9872ffcee529b5080a0dca075b7006fa1656aa:2:{i:0;s:17:\"_identity-backend\";i:1;s:46:\"[1,\"RxcspEY_9Aj9arphhsD7ftuXdBpzNgju\",2592000]\";}'
    'PHPSESSID' => 'lij834pju800k1unkgnl1aj3u6'
    '_csrf_install' => '8209f5f5268ef859d00490e7561dc12ba65d8c972dbc6562cc6d90bdc504a6f9a:2:{i:0;s:13:\"_csrf_install\";i:1;s:32:\"PDxd8jqa7E5gJkdzJjdgfSSD5VT0qquQ\";}'
    'BACKEND_FEEHICMS' => 'bfg54j5r89b9a8lusah6peth61'
    '_csrf_backend' => 'bb3772f5c7467a8e6f812c96f7ccd1d68bddf83897cf9737d2d4d4a54d181fdea:2:{i:0;s:13:\"_csrf_backend\";i:1;s:32:\"235zaup_RmvtmJhj5_pAp2hAdLJkjFjP\";}'
]

$_SESSION = [
    '__flash' => []
]

$_SERVER = [
    'DOCUMENT_ROOT' => 'D:\\wamp64\\www\\Feehi_CMS\\frontend\\web'
    'REMOTE_ADDR' => '::1'
    'REMOTE_PORT' => '61614'
    'SERVER_SOFTWARE' => 'PHP 7.3.4 Development Server'
    'SERVER_PROTOCOL' => 'HTTP/1.1'
    'SERVER_NAME' => 'localhost'
    'SERVER_PORT' => '8080'
    'REQUEST_URI' => '/'
    'REQUEST_METHOD' => 'GET'
    'SCRIPT_NAME' => '/index.php'
    'SCRIPT_FILENAME' => 'D:\\wamp64\\www\\Feehi_CMS\\frontend\\web\\index.php'
    'PHP_SELF' => '/index.php'
    'HTTP_HOST' => 'localhost:8080'
    'HTTP_CONNECTION' => 'keep-alive'
    'HTTP_SEC_CH_UA' => '\"Not_A Brand\";v=\"99\", \"Microsoft Edge\";v=\"109\", \"Chromium\";v=\"109\"'
    'HTTP_SEC_CH_UA_MOBILE' => '?0'
    'HTTP_SEC_CH_UA_PLATFORM' => '\"Windows\"'
    'HTTP_UPGRADE_INSECURE_REQUESTS' => '1'
    'HTTP_USER_AGENT' => 'Mozilla/5.0 (Windows NT 10.0; Win64; x64) AppleWebKit/537.36 (KHTML, like Gecko) Chrome/109.0.0.0 Safari/537.36 Edg/109.0.1518.78'
    'HTTP_ACCEPT' => 'text/html,application/xhtml+xml,application/xml;q=0.9,image/webp,image/apng,*/*;q=0.8,application/signed-exchange;v=b3;q=0.9'
    'HTTP_SEC_FETCH_SITE' => 'same-origin'
    'HTTP_SEC_FETCH_MODE' => 'navigate'
    'HTTP_SEC_FETCH_USER' => '?1'
    'HTTP_SEC_FETCH_DEST' => 'document'
    'HTTP_REFERER' => 'http://localhost:8080/install.php?r=site%2Fsuccess'
    'HTTP_ACCEPT_ENCODING' => 'gzip, deflate, br'
    'HTTP_ACCEPT_LANGUAGE' => 'zh-CN,zh;q=0.9,en;q=0.8,en-GB;q=0.7,en-US;q=0.6'
    'HTTP_COOKIE' => 'wordpress_logged_in_86a9106ae65537651a8e456835b316ab=Wanwan%7C1677050114%7CnNbyePEJNhBeYqiB8uYorYIWKunt6T7RMavrsRtcg1G%7C76c634d69ffdb7d37ccc03881c3b12a5ed3cc861fc62b27ec0109e2af9f9c54b; wp-settings-time-1=1675886118; _identity-frontend=d4b7ad72a8e6c6d95ab49812ead33890fe92444bd5e60117090753dae4aa3b2ba%3A2%3A%7Bi%3A0%3Bs%3A18%3A%22_identity-frontend%22%3Bi%3A1%3Bs%3A46%3A%22%5B1%2C%22RxcspEY_9Aj9arphhsD7ftuXdBpzNgju%22%2C2592000%5D%22%3B%7D; _identity-backend=8fa528a6c635a32cfb8b3a23f8f9872ffcee529b5080a0dca075b7006fa1656aa%3A2%3A%7Bi%3A0%3Bs%3A17%3A%22_identity-backend%22%3Bi%3A1%3Bs%3A46%3A%22%5B1%2C%22RxcspEY_9Aj9arphhsD7ftuXdBpzNgju%22%2C2592000%5D%22%3B%7D; PHPSESSID=lij834pju800k1unkgnl1aj3u6; _csrf_install=8209f5f5268ef859d00490e7561dc12ba65d8c972dbc6562cc6d90bdc504a6f9a%3A2%3A%7Bi%3A0%3Bs%3A13%3A%22_csrf_install%22%3Bi%3A1%3Bs%3A32%3A%22PDxd8jqa7E5gJkdzJjdgfSSD5VT0qquQ%22%3B%7D; BACKEND_FEEHICMS=bfg54j5r89b9a8lusah6peth61; _csrf_backend=bb3772f5c7467a8e6f812c96f7ccd1d68bddf83897cf9737d2d4d4a54d181fdea%3A2%3A%7Bi%3A0%3Bs%3A13%3A%22_csrf_backend%22%3Bi%3A1%3Bs%3A32%3A%22235zaup_RmvtmJhj5_pAp2hAdLJkjFjP%22%3B%7D'
    'REQUEST_TIME_FLOAT' => 1676019258.6787
    'REQUEST_TIME' => 1676019258
]
2023-02-10 21:14:11 [::1][-][us54bpkrh2262mn1l8e33f9982][error][yii\web\HttpException:404] yii\web\NotFoundHttpException: 未找到分类view/11 in D:\wamp64\www\Feehi_CMS\frontend\controllers\ArticleController.php:78
Stack trace:
#0 [internal function]: frontend\controllers\ArticleController->actionIndex('view/11')
#1 D:\wamp64\www\Feehi_CMS\vendor\yiisoft\yii2\base\InlineAction.php(57): call_user_func_array(Array, Array)
#2 D:\wamp64\www\Feehi_CMS\vendor\yiisoft\yii2\base\Controller.php(157): yii\base\InlineAction->runWithParams(Array)
#3 D:\wamp64\www\Feehi_CMS\vendor\yiisoft\yii2\base\Module.php(528): yii\base\Controller->runAction('index', Array)
#4 D:\wamp64\www\Feehi_CMS\vendor\yiisoft\yii2\web\Application.php(103): yii\base\Module->runAction('', Array)
#5 D:\wamp64\www\Feehi_CMS\vendor\yiisoft\yii2\base\Application.php(386): yii\web\Application->handleRequest(Object(yii\web\Request))
#6 D:\wamp64\www\Feehi_CMS\frontend\web\index.php(17): yii\base\Application->run()
#7 {main}
2023-02-10 21:14:11 [::1][-][us54bpkrh2262mn1l8e33f9982][info][application] $_GET = []

$_POST = []

$_FILES = []

$_COOKIE = [
    'wordpress_logged_in_86a9106ae65537651a8e456835b316ab' => 'Wanwan|1677050114|nNbyePEJNhBeYqiB8uYorYIWKunt6T7RMavrsRtcg1G|76c634d69ffdb7d37ccc03881c3b12a5ed3cc861fc62b27ec0109e2af9f9c54b'
    'wp-settings-time-1' => '1675886118'
    '_identity-frontend' => 'd4b7ad72a8e6c6d95ab49812ead33890fe92444bd5e60117090753dae4aa3b2ba:2:{i:0;s:18:\"_identity-frontend\";i:1;s:46:\"[1,\"RxcspEY_9Aj9arphhsD7ftuXdBpzNgju\",2592000]\";}'
    '_identity-backend' => '8fa528a6c635a32cfb8b3a23f8f9872ffcee529b5080a0dca075b7006fa1656aa:2:{i:0;s:17:\"_identity-backend\";i:1;s:46:\"[1,\"RxcspEY_9Aj9arphhsD7ftuXdBpzNgju\",2592000]\";}'
    'PHPSESSID' => 'us54bpkrh2262mn1l8e33f9982'
    '_csrf' => '8f12780b0d01b05207aacf36098e7034dad4e7f453ae4b50b8a478cdf117cda1a:2:{i:0;s:5:\"_csrf\";i:1;s:32:\"hd5-6jTF3KmXCkaqKPbjn7QjwC6PLzIF\";}'
    'BACKEND_FEEHICMS' => 'eltnkqpdvgjugng28dfirkjug3'
    '_csrf_backend' => '2caf7f094267ad4b504eb2416bf38784ab690312fd06d9e5e6c441a326b66caea:2:{i:0;s:13:\"_csrf_backend\";i:1;s:32:\"P1a_RqW3CrUA2lvZjy3V1xla3jXQ0m4W\";}'
]

$_SESSION = [
    '__flash' => []
]

$_SERVER = [
    'DOCUMENT_ROOT' => 'D:\\wamp64\\www\\Feehi_CMS\\frontend\\web'
    'REMOTE_ADDR' => '::1'
    'REMOTE_PORT' => '60640'
    'SERVER_SOFTWARE' => 'PHP 7.3.4 Development Server'
    'SERVER_PROTOCOL' => 'HTTP/1.1'
    'SERVER_NAME' => 'localhost'
    'SERVER_PORT' => '8080'
    'REQUEST_URI' => '/view/11'
    'REQUEST_METHOD' => 'GET'
    'SCRIPT_NAME' => '/index.php'
    'SCRIPT_FILENAME' => 'D:\\wamp64\\www\\Feehi_CMS\\frontend\\web\\index.php'
    'PATH_INFO' => '/view/11'
    'PHP_SELF' => '/index.php/view/11'
    'HTTP_HOST' => 'localhost:8080'
    'HTTP_CONNECTION' => 'keep-alive'
    'HTTP_SEC_CH_UA' => '\"Not_A Brand\";v=\"99\", \"Microsoft Edge\";v=\"109\", \"Chromium\";v=\"109\"'
    'HTTP_SEC_CH_UA_MOBILE' => '?0'
    'HTTP_SEC_CH_UA_PLATFORM' => '\"Windows\"'
    'HTTP_UPGRADE_INSECURE_REQUESTS' => '1'
    'HTTP_USER_AGENT' => 'Mozilla/5.0 (Windows NT 10.0; Win64; x64) AppleWebKit/537.36 (KHTML, like Gecko) Chrome/109.0.0.0 Safari/537.36 Edg/109.0.1518.78'
    'HTTP_ACCEPT' => 'text/html,application/xhtml+xml,application/xml;q=0.9,image/webp,image/apng,*/*;q=0.8,application/signed-exchange;v=b3;q=0.9'
    'HTTP_SEC_FETCH_SITE' => 'same-origin'
    'HTTP_SEC_FETCH_MODE' => 'navigate'
    'HTTP_SEC_FETCH_USER' => '?1'
    'HTTP_SEC_FETCH_DEST' => 'document'
    'HTTP_REFERER' => 'http://localhost:8080/'
    'HTTP_ACCEPT_ENCODING' => 'gzip, deflate, br'
    'HTTP_ACCEPT_LANGUAGE' => 'zh-CN,zh;q=0.9,en;q=0.8,en-GB;q=0.7,en-US;q=0.6'
    'HTTP_COOKIE' => 'wordpress_logged_in_86a9106ae65537651a8e456835b316ab=Wanwan%7C1677050114%7CnNbyePEJNhBeYqiB8uYorYIWKunt6T7RMavrsRtcg1G%7C76c634d69ffdb7d37ccc03881c3b12a5ed3cc861fc62b27ec0109e2af9f9c54b; wp-settings-time-1=1675886118; _identity-frontend=d4b7ad72a8e6c6d95ab49812ead33890fe92444bd5e60117090753dae4aa3b2ba%3A2%3A%7Bi%3A0%3Bs%3A18%3A%22_identity-frontend%22%3Bi%3A1%3Bs%3A46%3A%22%5B1%2C%22RxcspEY_9Aj9arphhsD7ftuXdBpzNgju%22%2C2592000%5D%22%3B%7D; _identity-backend=8fa528a6c635a32cfb8b3a23f8f9872ffcee529b5080a0dca075b7006fa1656aa%3A2%3A%7Bi%3A0%3Bs%3A17%3A%22_identity-backend%22%3Bi%3A1%3Bs%3A46%3A%22%5B1%2C%22RxcspEY_9Aj9arphhsD7ftuXdBpzNgju%22%2C2592000%5D%22%3B%7D; PHPSESSID=us54bpkrh2262mn1l8e33f9982; _csrf=8f12780b0d01b05207aacf36098e7034dad4e7f453ae4b50b8a478cdf117cda1a%3A2%3A%7Bi%3A0%3Bs%3A5%3A%22_csrf%22%3Bi%3A1%3Bs%3A32%3A%22hd5-6jTF3KmXCkaqKPbjn7QjwC6PLzIF%22%3B%7D; BACKEND_FEEHICMS=eltnkqpdvgjugng28dfirkjug3; _csrf_backend=2caf7f094267ad4b504eb2416bf38784ab690312fd06d9e5e6c441a326b66caea%3A2%3A%7Bi%3A0%3Bs%3A13%3A%22_csrf_backend%22%3Bi%3A1%3Bs%3A32%3A%22P1a_RqW3CrUA2lvZjy3V1xla3jXQ0m4W%22%3B%7D'
    'REQUEST_TIME_FLOAT' => 1676034851.0863
    'REQUEST_TIME' => 1676034851
]
