2023-02-11 16:58:11 [127.0.0.1][1][pi6mvlgub59hjgsnrr0mehddms][error][yii\db\Exception] PDOException: SQLSTATE[42000]: Syntax error or access violation: 1103 Incorrect table name '' in D:\phpstudy_pro\WWW\vendor\yiisoft\yii2\db\Command.php:1290
Stack trace:
#0 D:\phpstudy_pro\WWW\vendor\yiisoft\yii2\db\Command.php(1290): PDOStatement->execute()
#1 D:\phpstudy_pro\WWW\vendor\yiisoft\yii2\db\Command.php(1158): yii\db\Command->internalExecute('SHOW FULL COLUM...')
#2 D:\phpstudy_pro\WWW\vendor\yiisoft\yii2\db\Command.php(399): yii\db\Command->queryInternal('fetchAll', NULL)
#3 D:\phpstudy_pro\WWW\vendor\yiisoft\yii2\db\mysql\Schema.php(319): yii\db\Command->queryAll()
#4 D:\phpstudy_pro\WWW\vendor\yiisoft\yii2\db\mysql\Schema.php(125): yii\db\mysql\Schema->findColumns(Object(yii\db\TableSchema))
#5 D:\phpstudy_pro\WWW\vendor\yiisoft\yii2\db\Schema.php(744): yii\db\mysql\Schema->loadTableSchema(NULL)
#6 D:\phpstudy_pro\WWW\vendor\yiisoft\yii2\db\Schema.php(194): yii\db\Schema->getTableMetadata(NULL, 'schema', false)
#7 D:\phpstudy_pro\WWW\vendor\yiisoft\yii2\db\Connection.php(858): yii\db\Schema->getTableSchema(NULL, false)
#8 D:\phpstudy_pro\WWW\vendor\yiisoft\yii2-gii\src\generators\model\Generator.php(510): yii\db\Connection->getTableSchema(NULL)
#9 D:\phpstudy_pro\WWW\vendor\yiisoft\yii2-gii\src\generators\model\Generator.php(216): yii\gii\generators\model\Generator->generateRelations()
#10 D:\phpstudy_pro\WWW\vendor\yiisoft\yii2-gii\src\controllers\DefaultController.php(61): yii\gii\generators\model\Generator->generate()
#11 [internal function]: yii\gii\controllers\DefaultController->actionView('model')
#12 D:\phpstudy_pro\WWW\vendor\yiisoft\yii2\base\InlineAction.php(57): call_user_func_array(Array, Array)
#13 D:\phpstudy_pro\WWW\vendor\yiisoft\yii2\base\Controller.php(157): yii\base\InlineAction->runWithParams(Array)
#14 D:\phpstudy_pro\WWW\vendor\yiisoft\yii2\base\Module.php(528): yii\base\Controller->runAction('view', Array)
#15 D:\phpstudy_pro\WWW\vendor\yiisoft\yii2\web\Application.php(103): yii\base\Module->runAction('gii/default/vie...', Array)
#16 D:\phpstudy_pro\WWW\vendor\yiisoft\yii2\base\Application.php(386): yii\web\Application->handleRequest(Object(yii\web\Request))
#17 D:\phpstudy_pro\WWW\frontend\web\admin\index.php(18): yii\base\Application->run()
#18 {main}

Next yii\db\Exception: SQLSTATE[42000]: Syntax error or access violation: 1103 Incorrect table name ''
The SQL being executed was: SHOW FULL COLUMNS FROM `` in D:\phpstudy_pro\WWW\vendor\yiisoft\yii2\db\Schema.php:664
Stack trace:
#0 D:\phpstudy_pro\WWW\vendor\yiisoft\yii2\db\Command.php(1295): yii\db\Schema->convertException(Object(PDOException), 'SHOW FULL COLUM...')
#1 D:\phpstudy_pro\WWW\vendor\yiisoft\yii2\db\Command.php(1158): yii\db\Command->internalExecute('SHOW FULL COLUM...')
#2 D:\phpstudy_pro\WWW\vendor\yiisoft\yii2\db\Command.php(399): yii\db\Command->queryInternal('fetchAll', NULL)
#3 D:\phpstudy_pro\WWW\vendor\yiisoft\yii2\db\mysql\Schema.php(319): yii\db\Command->queryAll()
#4 D:\phpstudy_pro\WWW\vendor\yiisoft\yii2\db\mysql\Schema.php(125): yii\db\mysql\Schema->findColumns(Object(yii\db\TableSchema))
#5 D:\phpstudy_pro\WWW\vendor\yiisoft\yii2\db\Schema.php(744): yii\db\mysql\Schema->loadTableSchema(NULL)
#6 D:\phpstudy_pro\WWW\vendor\yiisoft\yii2\db\Schema.php(194): yii\db\Schema->getTableMetadata(NULL, 'schema', false)
#7 D:\phpstudy_pro\WWW\vendor\yiisoft\yii2\db\Connection.php(858): yii\db\Schema->getTableSchema(NULL, false)
#8 D:\phpstudy_pro\WWW\vendor\yiisoft\yii2-gii\src\generators\model\Generator.php(510): yii\db\Connection->getTableSchema(NULL)
#9 D:\phpstudy_pro\WWW\vendor\yiisoft\yii2-gii\src\generators\model\Generator.php(216): yii\gii\generators\model\Generator->generateRelations()
#10 D:\phpstudy_pro\WWW\vendor\yiisoft\yii2-gii\src\controllers\DefaultController.php(61): yii\gii\generators\model\Generator->generate()
#11 [internal function]: yii\gii\controllers\DefaultController->actionView('model')
#12 D:\phpstudy_pro\WWW\vendor\yiisoft\yii2\base\InlineAction.php(57): call_user_func_array(Array, Array)
#13 D:\phpstudy_pro\WWW\vendor\yiisoft\yii2\base\Controller.php(157): yii\base\InlineAction->runWithParams(Array)
#14 D:\phpstudy_pro\WWW\vendor\yiisoft\yii2\base\Module.php(528): yii\base\Controller->runAction('view', Array)
#15 D:\phpstudy_pro\WWW\vendor\yiisoft\yii2\web\Application.php(103): yii\base\Module->runAction('gii/default/vie...', Array)
#16 D:\phpstudy_pro\WWW\vendor\yiisoft\yii2\base\Application.php(386): yii\web\Application->handleRequest(Object(yii\web\Request))
#17 D:\phpstudy_pro\WWW\frontend\web\admin\index.php(18): yii\base\Application->run()
#18 {main}
Additional Information:
Array
(
    [0] => 42000
    [1] => 1103
    [2] => Incorrect table name ''
)

2023-02-11 16:58:11 [127.0.0.1][1][pi6mvlgub59hjgsnrr0mehddms][info][application] $_GET = [
    'r' => 'gii/default/view'
    'id' => 'model'
]

$_POST = [
    '_csrf_backend' => 'EWh3bO5HqB2gQOcUvZlG56UQiJq0W2f6GsKeR21Bf0wiAAcgiAXxTettjln88n-MnWn8yPk2EqBz8NsQPjElOA=='
    'Generator' => [
        'tableName' => 'feehi_team'
        'modelClass' => 'Team'
        'standardizeCapitals' => '0'
        'ns' => 'common\\models'
        'baseClass' => 'yii\\db\\ActiveRecord'
        'db' => 'db'
        'useTablePrefix' => '0'
        'generateRelations' => 'all'
        'generateRelationsFromCurrentSchema' => '1'
        'generateLabelsFromComments' => '0'
        'generateQuery' => '0'
        'queryNs' => 'common\\models'
        'queryBaseClass' => 'yii\\db\\ActiveQuery'
        'enableI18N' => '0'
        'messageCategory' => 'app'
        'useSchemaName' => '1'
        'template' => 'default'
    ]
    'preview' => ''
]

$_FILES = []

$_COOKIE = [
    'wordpress_logged_in_86a9106ae65537651a8e456835b316ab' => 'mmma|1677050114|bT7ng8zBap8ZomuqdwGcjq60357AHSocZMRZYk1b7uI|33c8845584b6d712613a75dad4396516b8f24492be531ba5872116c6f5fd0330'
    'wp-settings-time-1' => '1675943997'
    '_identity-frontend' => 'ff4723d33490d1a30d5640e71fd7d121f9b6f51fd9475373e1d93f547b10525aa:2:{i:0;s:18:\"_identity-frontend\";i:1;s:46:\"[1,\"4sSpK38KErySZpizaMO18REH4nXWPDrD\",2592000]\";}'
    '_identity-backend' => '7223aaae057f741b3ba5c4d0725f6f17a2846f199c7fcfd05830ef9b8b13aedaa:2:{i:0;s:17:\"_identity-backend\";i:1;s:46:\"[1,\"4sSpK38KErySZpizaMO18REH4nXWPDrD\",2592000]\";}'
    'BACKEND_FEEHICMS' => 'pi6mvlgub59hjgsnrr0mehddms'
    '_csrf_backend' => 'ae152197871f935c582860e0ee9e3fba381823906735adaead67a55f5dad9cbfa:2:{i:0;s:13:\"_csrf_backend\";i:1;s:32:\"3hpLfBYPK-iMAk9k8ytRMmuZi2EWSpZt\";}'
    'PHPSESSID' => 'rc8n5lr5goppve04t5icjn3q1u'
    '_csrf' => '98f4e9638b107ccf1d31e4b9fe6ba9f5bcb626190024821c3dc86024270ef359a:2:{i:0;s:5:\"_csrf\";i:1;s:32:\"v0HE9XVvPnKqN_E3zo-evAzc9jCiZca1\";}'
]

$_SESSION = [
    '__flash' => []
    '_backend_returnUrl' => '/admin/'
    '__captcha/site/captcha' => 'cede'
    '__captcha/site/captchacount' => 1
    '__backend__id' => 1
    '_create_referer' => 'http://localhost:8080/admin/index.php?r=article%2Findex'
    '_update_referer' => 'http://localhost:8080/admin/index.php?r=frontend-menu%2Findex'
]

$_SERVER = [
    'DOCUMENT_ROOT' => 'D:\\phpstudy_pro\\WWW\\frontend\\web'
    'REMOTE_ADDR' => '127.0.0.1'
    'REMOTE_PORT' => '8807'
    'SERVER_SOFTWARE' => 'PHP 7.3.4 Development Server'
    'SERVER_PROTOCOL' => 'HTTP/1.1'
    'SERVER_NAME' => 'localhost'
    'SERVER_PORT' => '8080'
    'REQUEST_URI' => '/admin/index.php?r=gii%2Fdefault%2Fview&id=model'
    'REQUEST_METHOD' => 'POST'
    'SCRIPT_NAME' => '/admin/index.php'
    'SCRIPT_FILENAME' => 'D:\\phpstudy_pro\\WWW\\frontend\\web\\admin\\index.php'
    'PHP_SELF' => '/admin/index.php'
    'QUERY_STRING' => 'r=gii%2Fdefault%2Fview&id=model'
    'HTTP_HOST' => 'localhost:8080'
    'HTTP_CONNECTION' => 'keep-alive'
    'CONTENT_LENGTH' => '820'
    'HTTP_CONTENT_LENGTH' => '820'
    'HTTP_CACHE_CONTROL' => 'max-age=0'
    'HTTP_SEC_CH_UA' => '\"Not_A Brand\";v=\"99\", \"Microsoft Edge\";v=\"109\", \"Chromium\";v=\"109\"'
    'HTTP_SEC_CH_UA_MOBILE' => '?0'
    'HTTP_SEC_CH_UA_PLATFORM' => '\"Windows\"'
    'HTTP_UPGRADE_INSECURE_REQUESTS' => '1'
    'HTTP_ORIGIN' => 'http://localhost:8080'
    'CONTENT_TYPE' => 'application/x-www-form-urlencoded'
    'HTTP_CONTENT_TYPE' => 'application/x-www-form-urlencoded'
    'HTTP_USER_AGENT' => 'Mozilla/5.0 (Windows NT 10.0; Win64; x64) AppleWebKit/537.36 (KHTML, like Gecko) Chrome/109.0.0.0 Safari/537.36 Edg/109.0.1518.78'
    'HTTP_ACCEPT' => 'text/html,application/xhtml+xml,application/xml;q=0.9,image/webp,image/apng,*/*;q=0.8,application/signed-exchange;v=b3;q=0.9'
    'HTTP_SEC_FETCH_SITE' => 'same-origin'
    'HTTP_SEC_FETCH_MODE' => 'navigate'
    'HTTP_SEC_FETCH_USER' => '?1'
    'HTTP_SEC_FETCH_DEST' => 'document'
    'HTTP_REFERER' => 'http://localhost:8080/admin/index.php?r=gii%2Fdefault%2Fview&id=model'
    'HTTP_ACCEPT_ENCODING' => 'gzip, deflate, br'
    'HTTP_ACCEPT_LANGUAGE' => 'zh-CN,zh;q=0.9,en;q=0.8,en-GB;q=0.7,en-US;q=0.6'
    'HTTP_COOKIE' => 'wordpress_logged_in_86a9106ae65537651a8e456835b316ab=mmma%7C1677050114%7CbT7ng8zBap8ZomuqdwGcjq60357AHSocZMRZYk1b7uI%7C33c8845584b6d712613a75dad4396516b8f24492be531ba5872116c6f5fd0330; wp-settings-time-1=1675943997; _identity-frontend=ff4723d33490d1a30d5640e71fd7d121f9b6f51fd9475373e1d93f547b10525aa%3A2%3A%7Bi%3A0%3Bs%3A18%3A%22_identity-frontend%22%3Bi%3A1%3Bs%3A46%3A%22%5B1%2C%224sSpK38KErySZpizaMO18REH4nXWPDrD%22%2C2592000%5D%22%3B%7D; _identity-backend=7223aaae057f741b3ba5c4d0725f6f17a2846f199c7fcfd05830ef9b8b13aedaa%3A2%3A%7Bi%3A0%3Bs%3A17%3A%22_identity-backend%22%3Bi%3A1%3Bs%3A46%3A%22%5B1%2C%224sSpK38KErySZpizaMO18REH4nXWPDrD%22%2C2592000%5D%22%3B%7D; BACKEND_FEEHICMS=pi6mvlgub59hjgsnrr0mehddms; _csrf_backend=ae152197871f935c582860e0ee9e3fba381823906735adaead67a55f5dad9cbfa%3A2%3A%7Bi%3A0%3Bs%3A13%3A%22_csrf_backend%22%3Bi%3A1%3Bs%3A32%3A%223hpLfBYPK-iMAk9k8ytRMmuZi2EWSpZt%22%3B%7D; PHPSESSID=rc8n5lr5goppve04t5icjn3q1u; _csrf=98f4e9638b107ccf1d31e4b9fe6ba9f5bcb626190024821c3dc86024270ef359a%3A2%3A%7Bi%3A0%3Bs%3A5%3A%22_csrf%22%3Bi%3A1%3Bs%3A32%3A%22v0HE9XVvPnKqN_E3zo-evAzc9jCiZca1%22%3B%7D'
    'REQUEST_TIME_FLOAT' => 1676105891.4468
    'REQUEST_TIME' => 1676105891
]
2023-02-11 16:58:58 [127.0.0.1][1][pi6mvlgub59hjgsnrr0mehddms][error][yii\db\Exception] PDOException: SQLSTATE[42000]: Syntax error or access violation: 1103 Incorrect table name '' in D:\phpstudy_pro\WWW\vendor\yiisoft\yii2\db\Command.php:1290
Stack trace:
#0 D:\phpstudy_pro\WWW\vendor\yiisoft\yii2\db\Command.php(1290): PDOStatement->execute()
#1 D:\phpstudy_pro\WWW\vendor\yiisoft\yii2\db\Command.php(1158): yii\db\Command->internalExecute('SHOW FULL COLUM...')
#2 D:\phpstudy_pro\WWW\vendor\yiisoft\yii2\db\Command.php(399): yii\db\Command->queryInternal('fetchAll', NULL)
#3 D:\phpstudy_pro\WWW\vendor\yiisoft\yii2\db\mysql\Schema.php(319): yii\db\Command->queryAll()
#4 D:\phpstudy_pro\WWW\vendor\yiisoft\yii2\db\mysql\Schema.php(125): yii\db\mysql\Schema->findColumns(Object(yii\db\TableSchema))
#5 D:\phpstudy_pro\WWW\vendor\yiisoft\yii2\db\Schema.php(744): yii\db\mysql\Schema->loadTableSchema(NULL)
#6 D:\phpstudy_pro\WWW\vendor\yiisoft\yii2\db\Schema.php(194): yii\db\Schema->getTableMetadata(NULL, 'schema', false)
#7 D:\phpstudy_pro\WWW\vendor\yiisoft\yii2\db\Connection.php(858): yii\db\Schema->getTableSchema(NULL, false)
#8 D:\phpstudy_pro\WWW\vendor\yiisoft\yii2-gii\src\generators\model\Generator.php(510): yii\db\Connection->getTableSchema(NULL)
#9 D:\phpstudy_pro\WWW\vendor\yiisoft\yii2-gii\src\generators\model\Generator.php(216): yii\gii\generators\model\Generator->generateRelations()
#10 D:\phpstudy_pro\WWW\vendor\yiisoft\yii2-gii\src\controllers\DefaultController.php(61): yii\gii\generators\model\Generator->generate()
#11 [internal function]: yii\gii\controllers\DefaultController->actionView('model')
#12 D:\phpstudy_pro\WWW\vendor\yiisoft\yii2\base\InlineAction.php(57): call_user_func_array(Array, Array)
#13 D:\phpstudy_pro\WWW\vendor\yiisoft\yii2\base\Controller.php(157): yii\base\InlineAction->runWithParams(Array)
#14 D:\phpstudy_pro\WWW\vendor\yiisoft\yii2\base\Module.php(528): yii\base\Controller->runAction('view', Array)
#15 D:\phpstudy_pro\WWW\vendor\yiisoft\yii2\web\Application.php(103): yii\base\Module->runAction('gii/default/vie...', Array)
#16 D:\phpstudy_pro\WWW\vendor\yiisoft\yii2\base\Application.php(386): yii\web\Application->handleRequest(Object(yii\web\Request))
#17 D:\phpstudy_pro\WWW\frontend\web\admin\index.php(18): yii\base\Application->run()
#18 {main}

Next yii\db\Exception: SQLSTATE[42000]: Syntax error or access violation: 1103 Incorrect table name ''
The SQL being executed was: SHOW FULL COLUMNS FROM `` in D:\phpstudy_pro\WWW\vendor\yiisoft\yii2\db\Schema.php:664
Stack trace:
#0 D:\phpstudy_pro\WWW\vendor\yiisoft\yii2\db\Command.php(1295): yii\db\Schema->convertException(Object(PDOException), 'SHOW FULL COLUM...')
#1 D:\phpstudy_pro\WWW\vendor\yiisoft\yii2\db\Command.php(1158): yii\db\Command->internalExecute('SHOW FULL COLUM...')
#2 D:\phpstudy_pro\WWW\vendor\yiisoft\yii2\db\Command.php(399): yii\db\Command->queryInternal('fetchAll', NULL)
#3 D:\phpstudy_pro\WWW\vendor\yiisoft\yii2\db\mysql\Schema.php(319): yii\db\Command->queryAll()
#4 D:\phpstudy_pro\WWW\vendor\yiisoft\yii2\db\mysql\Schema.php(125): yii\db\mysql\Schema->findColumns(Object(yii\db\TableSchema))
#5 D:\phpstudy_pro\WWW\vendor\yiisoft\yii2\db\Schema.php(744): yii\db\mysql\Schema->loadTableSchema(NULL)
#6 D:\phpstudy_pro\WWW\vendor\yiisoft\yii2\db\Schema.php(194): yii\db\Schema->getTableMetadata(NULL, 'schema', false)
#7 D:\phpstudy_pro\WWW\vendor\yiisoft\yii2\db\Connection.php(858): yii\db\Schema->getTableSchema(NULL, false)
#8 D:\phpstudy_pro\WWW\vendor\yiisoft\yii2-gii\src\generators\model\Generator.php(510): yii\db\Connection->getTableSchema(NULL)
#9 D:\phpstudy_pro\WWW\vendor\yiisoft\yii2-gii\src\generators\model\Generator.php(216): yii\gii\generators\model\Generator->generateRelations()
#10 D:\phpstudy_pro\WWW\vendor\yiisoft\yii2-gii\src\controllers\DefaultController.php(61): yii\gii\generators\model\Generator->generate()
#11 [internal function]: yii\gii\controllers\DefaultController->actionView('model')
#12 D:\phpstudy_pro\WWW\vendor\yiisoft\yii2\base\InlineAction.php(57): call_user_func_array(Array, Array)
#13 D:\phpstudy_pro\WWW\vendor\yiisoft\yii2\base\Controller.php(157): yii\base\InlineAction->runWithParams(Array)
#14 D:\phpstudy_pro\WWW\vendor\yiisoft\yii2\base\Module.php(528): yii\base\Controller->runAction('view', Array)
#15 D:\phpstudy_pro\WWW\vendor\yiisoft\yii2\web\Application.php(103): yii\base\Module->runAction('gii/default/vie...', Array)
#16 D:\phpstudy_pro\WWW\vendor\yiisoft\yii2\base\Application.php(386): yii\web\Application->handleRequest(Object(yii\web\Request))
#17 D:\phpstudy_pro\WWW\frontend\web\admin\index.php(18): yii\base\Application->run()
#18 {main}
Additional Information:
Array
(
    [0] => 42000
    [1] => 1103
    [2] => Incorrect table name ''
)

2023-02-11 16:58:58 [127.0.0.1][1][pi6mvlgub59hjgsnrr0mehddms][info][application] $_GET = [
    'r' => 'gii/default/view'
    'id' => 'model'
]

$_POST = [
    '_csrf_backend' => 'PyuA-rp1xFyKJAi4g5GDVL3l2azghIrMEAeI5my7eCcMQ_C23DedDMEJYfXC-ro_hZyt_q3p_5Z5Nc2xP8siUw=='
    'Generator' => [
        'tableName' => 'feehi_team'
        'modelClass' => 'Team'
        'standardizeCapitals' => '0'
        'ns' => 'common\\models'
        'baseClass' => 'yii\\db\\ActiveRecord'
        'db' => 'db'
        'useTablePrefix' => '0'
        'generateRelations' => 'all'
        'generateRelationsFromCurrentSchema' => '1'
        'generateLabelsFromComments' => '0'
        'generateQuery' => '0'
        'queryNs' => 'common\\models'
        'queryBaseClass' => 'yii\\db\\ActiveQuery'
        'enableI18N' => '0'
        'messageCategory' => 'app'
        'useSchemaName' => '1'
        'template' => 'default'
    ]
    'preview' => ''
]

$_FILES = []

$_COOKIE = [
    'wordpress_logged_in_86a9106ae65537651a8e456835b316ab' => 'mmma|1677050114|bT7ng8zBap8ZomuqdwGcjq60357AHSocZMRZYk1b7uI|33c8845584b6d712613a75dad4396516b8f24492be531ba5872116c6f5fd0330'
    'wp-settings-time-1' => '1675943997'
    '_identity-frontend' => 'ff4723d33490d1a30d5640e71fd7d121f9b6f51fd9475373e1d93f547b10525aa:2:{i:0;s:18:\"_identity-frontend\";i:1;s:46:\"[1,\"4sSpK38KErySZpizaMO18REH4nXWPDrD\",2592000]\";}'
    '_identity-backend' => '7223aaae057f741b3ba5c4d0725f6f17a2846f199c7fcfd05830ef9b8b13aedaa:2:{i:0;s:17:\"_identity-backend\";i:1;s:46:\"[1,\"4sSpK38KErySZpizaMO18REH4nXWPDrD\",2592000]\";}'
    'BACKEND_FEEHICMS' => 'pi6mvlgub59hjgsnrr0mehddms'
    '_csrf_backend' => 'ae152197871f935c582860e0ee9e3fba381823906735adaead67a55f5dad9cbfa:2:{i:0;s:13:\"_csrf_backend\";i:1;s:32:\"3hpLfBYPK-iMAk9k8ytRMmuZi2EWSpZt\";}'
    'PHPSESSID' => 'rc8n5lr5goppve04t5icjn3q1u'
    '_csrf' => '98f4e9638b107ccf1d31e4b9fe6ba9f5bcb626190024821c3dc86024270ef359a:2:{i:0;s:5:\"_csrf\";i:1;s:32:\"v0HE9XVvPnKqN_E3zo-evAzc9jCiZca1\";}'
]

$_SESSION = [
    '__flash' => []
    '_backend_returnUrl' => '/admin/'
    '__captcha/site/captcha' => 'cede'
    '__captcha/site/captchacount' => 1
    '__backend__id' => 1
    '_create_referer' => 'http://localhost:8080/admin/index.php?r=article%2Findex'
    '_update_referer' => 'http://localhost:8080/admin/index.php?r=frontend-menu%2Findex'
]

$_SERVER = [
    'DOCUMENT_ROOT' => 'D:\\phpstudy_pro\\WWW\\frontend\\web'
    'REMOTE_ADDR' => '127.0.0.1'
    'REMOTE_PORT' => '8910'
    'SERVER_SOFTWARE' => 'PHP 7.3.4 Development Server'
    'SERVER_PROTOCOL' => 'HTTP/1.1'
    'SERVER_NAME' => 'localhost'
    'SERVER_PORT' => '8080'
    'REQUEST_URI' => '/admin/index.php?r=gii%2Fdefault%2Fview&id=model'
    'REQUEST_METHOD' => 'POST'
    'SCRIPT_NAME' => '/admin/index.php'
    'SCRIPT_FILENAME' => 'D:\\phpstudy_pro\\WWW\\frontend\\web\\admin\\index.php'
    'PHP_SELF' => '/admin/index.php'
    'QUERY_STRING' => 'r=gii%2Fdefault%2Fview&id=model'
    'HTTP_HOST' => 'localhost:8080'
    'HTTP_CONNECTION' => 'keep-alive'
    'CONTENT_LENGTH' => '820'
    'HTTP_CONTENT_LENGTH' => '820'
    'HTTP_CACHE_CONTROL' => 'max-age=0'
    'HTTP_SEC_CH_UA' => '\"Not_A Brand\";v=\"99\", \"Microsoft Edge\";v=\"109\", \"Chromium\";v=\"109\"'
    'HTTP_SEC_CH_UA_MOBILE' => '?0'
    'HTTP_SEC_CH_UA_PLATFORM' => '\"Windows\"'
    'HTTP_UPGRADE_INSECURE_REQUESTS' => '1'
    'HTTP_ORIGIN' => 'http://localhost:8080'
    'CONTENT_TYPE' => 'application/x-www-form-urlencoded'
    'HTTP_CONTENT_TYPE' => 'application/x-www-form-urlencoded'
    'HTTP_USER_AGENT' => 'Mozilla/5.0 (Windows NT 10.0; Win64; x64) AppleWebKit/537.36 (KHTML, like Gecko) Chrome/109.0.0.0 Safari/537.36 Edg/109.0.1518.78'
    'HTTP_ACCEPT' => 'text/html,application/xhtml+xml,application/xml;q=0.9,image/webp,image/apng,*/*;q=0.8,application/signed-exchange;v=b3;q=0.9'
    'HTTP_SEC_FETCH_SITE' => 'same-origin'
    'HTTP_SEC_FETCH_MODE' => 'navigate'
    'HTTP_SEC_FETCH_USER' => '?1'
    'HTTP_SEC_FETCH_DEST' => 'document'
    'HTTP_REFERER' => 'http://localhost:8080/admin/index.php?r=gii%2Fdefault%2Fview&id=model'
    'HTTP_ACCEPT_ENCODING' => 'gzip, deflate, br'
    'HTTP_ACCEPT_LANGUAGE' => 'zh-CN,zh;q=0.9,en;q=0.8,en-GB;q=0.7,en-US;q=0.6'
    'HTTP_COOKIE' => 'wordpress_logged_in_86a9106ae65537651a8e456835b316ab=mmma%7C1677050114%7CbT7ng8zBap8ZomuqdwGcjq60357AHSocZMRZYk1b7uI%7C33c8845584b6d712613a75dad4396516b8f24492be531ba5872116c6f5fd0330; wp-settings-time-1=1675943997; _identity-frontend=ff4723d33490d1a30d5640e71fd7d121f9b6f51fd9475373e1d93f547b10525aa%3A2%3A%7Bi%3A0%3Bs%3A18%3A%22_identity-frontend%22%3Bi%3A1%3Bs%3A46%3A%22%5B1%2C%224sSpK38KErySZpizaMO18REH4nXWPDrD%22%2C2592000%5D%22%3B%7D; _identity-backend=7223aaae057f741b3ba5c4d0725f6f17a2846f199c7fcfd05830ef9b8b13aedaa%3A2%3A%7Bi%3A0%3Bs%3A17%3A%22_identity-backend%22%3Bi%3A1%3Bs%3A46%3A%22%5B1%2C%224sSpK38KErySZpizaMO18REH4nXWPDrD%22%2C2592000%5D%22%3B%7D; BACKEND_FEEHICMS=pi6mvlgub59hjgsnrr0mehddms; _csrf_backend=ae152197871f935c582860e0ee9e3fba381823906735adaead67a55f5dad9cbfa%3A2%3A%7Bi%3A0%3Bs%3A13%3A%22_csrf_backend%22%3Bi%3A1%3Bs%3A32%3A%223hpLfBYPK-iMAk9k8ytRMmuZi2EWSpZt%22%3B%7D; PHPSESSID=rc8n5lr5goppve04t5icjn3q1u; _csrf=98f4e9638b107ccf1d31e4b9fe6ba9f5bcb626190024821c3dc86024270ef359a%3A2%3A%7Bi%3A0%3Bs%3A5%3A%22_csrf%22%3Bi%3A1%3Bs%3A32%3A%22v0HE9XVvPnKqN_E3zo-evAzc9jCiZca1%22%3B%7D'
    'REQUEST_TIME_FLOAT' => 1676105938.8064
    'REQUEST_TIME' => 1676105938
]
2023-02-11 17:00:09 [127.0.0.1][1][pi6mvlgub59hjgsnrr0mehddms][error][yii\db\Exception] PDOException: SQLSTATE[42000]: Syntax error or access violation: 1103 Incorrect table name '' in D:\phpstudy_pro\WWW\vendor\yiisoft\yii2\db\Command.php:1290
Stack trace:
#0 D:\phpstudy_pro\WWW\vendor\yiisoft\yii2\db\Command.php(1290): PDOStatement->execute()
#1 D:\phpstudy_pro\WWW\vendor\yiisoft\yii2\db\Command.php(1158): yii\db\Command->internalExecute('SHOW FULL COLUM...')
#2 D:\phpstudy_pro\WWW\vendor\yiisoft\yii2\db\Command.php(399): yii\db\Command->queryInternal('fetchAll', NULL)
#3 D:\phpstudy_pro\WWW\vendor\yiisoft\yii2\db\mysql\Schema.php(319): yii\db\Command->queryAll()
#4 D:\phpstudy_pro\WWW\vendor\yiisoft\yii2\db\mysql\Schema.php(125): yii\db\mysql\Schema->findColumns(Object(yii\db\TableSchema))
#5 D:\phpstudy_pro\WWW\vendor\yiisoft\yii2\db\Schema.php(744): yii\db\mysql\Schema->loadTableSchema(NULL)
#6 D:\phpstudy_pro\WWW\vendor\yiisoft\yii2\db\Schema.php(194): yii\db\Schema->getTableMetadata(NULL, 'schema', false)
#7 D:\phpstudy_pro\WWW\vendor\yiisoft\yii2\db\Connection.php(858): yii\db\Schema->getTableSchema(NULL, false)
#8 D:\phpstudy_pro\WWW\vendor\yiisoft\yii2-gii\src\generators\model\Generator.php(510): yii\db\Connection->getTableSchema(NULL)
#9 D:\phpstudy_pro\WWW\vendor\yiisoft\yii2-gii\src\generators\model\Generator.php(216): yii\gii\generators\model\Generator->generateRelations()
#10 D:\phpstudy_pro\WWW\vendor\yiisoft\yii2-gii\src\controllers\DefaultController.php(61): yii\gii\generators\model\Generator->generate()
#11 [internal function]: yii\gii\controllers\DefaultController->actionView('model')
#12 D:\phpstudy_pro\WWW\vendor\yiisoft\yii2\base\InlineAction.php(57): call_user_func_array(Array, Array)
#13 D:\phpstudy_pro\WWW\vendor\yiisoft\yii2\base\Controller.php(157): yii\base\InlineAction->runWithParams(Array)
#14 D:\phpstudy_pro\WWW\vendor\yiisoft\yii2\base\Module.php(528): yii\base\Controller->runAction('view', Array)
#15 D:\phpstudy_pro\WWW\vendor\yiisoft\yii2\web\Application.php(103): yii\base\Module->runAction('gii/default/vie...', Array)
#16 D:\phpstudy_pro\WWW\vendor\yiisoft\yii2\base\Application.php(386): yii\web\Application->handleRequest(Object(yii\web\Request))
#17 D:\phpstudy_pro\WWW\frontend\web\admin\index.php(18): yii\base\Application->run()
#18 {main}

Next yii\db\Exception: SQLSTATE[42000]: Syntax error or access violation: 1103 Incorrect table name ''
The SQL being executed was: SHOW FULL COLUMNS FROM `` in D:\phpstudy_pro\WWW\vendor\yiisoft\yii2\db\Schema.php:664
Stack trace:
#0 D:\phpstudy_pro\WWW\vendor\yiisoft\yii2\db\Command.php(1295): yii\db\Schema->convertException(Object(PDOException), 'SHOW FULL COLUM...')
#1 D:\phpstudy_pro\WWW\vendor\yiisoft\yii2\db\Command.php(1158): yii\db\Command->internalExecute('SHOW FULL COLUM...')
#2 D:\phpstudy_pro\WWW\vendor\yiisoft\yii2\db\Command.php(399): yii\db\Command->queryInternal('fetchAll', NULL)
#3 D:\phpstudy_pro\WWW\vendor\yiisoft\yii2\db\mysql\Schema.php(319): yii\db\Command->queryAll()
#4 D:\phpstudy_pro\WWW\vendor\yiisoft\yii2\db\mysql\Schema.php(125): yii\db\mysql\Schema->findColumns(Object(yii\db\TableSchema))
#5 D:\phpstudy_pro\WWW\vendor\yiisoft\yii2\db\Schema.php(744): yii\db\mysql\Schema->loadTableSchema(NULL)
#6 D:\phpstudy_pro\WWW\vendor\yiisoft\yii2\db\Schema.php(194): yii\db\Schema->getTableMetadata(NULL, 'schema', false)
#7 D:\phpstudy_pro\WWW\vendor\yiisoft\yii2\db\Connection.php(858): yii\db\Schema->getTableSchema(NULL, false)
#8 D:\phpstudy_pro\WWW\vendor\yiisoft\yii2-gii\src\generators\model\Generator.php(510): yii\db\Connection->getTableSchema(NULL)
#9 D:\phpstudy_pro\WWW\vendor\yiisoft\yii2-gii\src\generators\model\Generator.php(216): yii\gii\generators\model\Generator->generateRelations()
#10 D:\phpstudy_pro\WWW\vendor\yiisoft\yii2-gii\src\controllers\DefaultController.php(61): yii\gii\generators\model\Generator->generate()
#11 [internal function]: yii\gii\controllers\DefaultController->actionView('model')
#12 D:\phpstudy_pro\WWW\vendor\yiisoft\yii2\base\InlineAction.php(57): call_user_func_array(Array, Array)
#13 D:\phpstudy_pro\WWW\vendor\yiisoft\yii2\base\Controller.php(157): yii\base\InlineAction->runWithParams(Array)
#14 D:\phpstudy_pro\WWW\vendor\yiisoft\yii2\base\Module.php(528): yii\base\Controller->runAction('view', Array)
#15 D:\phpstudy_pro\WWW\vendor\yiisoft\yii2\web\Application.php(103): yii\base\Module->runAction('gii/default/vie...', Array)
#16 D:\phpstudy_pro\WWW\vendor\yiisoft\yii2\base\Application.php(386): yii\web\Application->handleRequest(Object(yii\web\Request))
#17 D:\phpstudy_pro\WWW\frontend\web\admin\index.php(18): yii\base\Application->run()
#18 {main}
Additional Information:
Array
(
    [0] => 42000
    [1] => 1103
    [2] => Incorrect table name ''
)

2023-02-11 17:00:09 [127.0.0.1][1][pi6mvlgub59hjgsnrr0mehddms][info][application] $_GET = [
    'r' => 'gii/default/view'
    'id' => 'model'
]

$_POST = [
    '_csrf_backend' => '6lH5NxI5I0mMaCfnyPbaphK_QL8HMmXehDLRtJyd9DDZOYl7dHt6GcdFTqqJnePNKsY07UpfEITtAJTjz-2uRA=='
    'Generator' => [
        'tableName' => 'feehi_team'
        'modelClass' => 'Team'
        'standardizeCapitals' => '1'
        'ns' => 'common\\models'
        'baseClass' => 'yii\\db\\ActiveRecord'
        'db' => 'db'
        'useTablePrefix' => '1'
        'generateRelations' => 'all'
        'generateRelationsFromCurrentSchema' => '1'
        'generateLabelsFromComments' => '0'
        'generateQuery' => '0'
        'queryNs' => 'common\\models'
        'queryBaseClass' => 'yii\\db\\ActiveQuery'
        'enableI18N' => '0'
        'messageCategory' => 'app'
        'useSchemaName' => '1'
        'template' => 'default'
    ]
    'preview' => ''
]

$_FILES = []

$_COOKIE = [
    'wordpress_logged_in_86a9106ae65537651a8e456835b316ab' => 'mmma|1677050114|bT7ng8zBap8ZomuqdwGcjq60357AHSocZMRZYk1b7uI|33c8845584b6d712613a75dad4396516b8f24492be531ba5872116c6f5fd0330'
    'wp-settings-time-1' => '1675943997'
    '_identity-frontend' => 'ff4723d33490d1a30d5640e71fd7d121f9b6f51fd9475373e1d93f547b10525aa:2:{i:0;s:18:\"_identity-frontend\";i:1;s:46:\"[1,\"4sSpK38KErySZpizaMO18REH4nXWPDrD\",2592000]\";}'
    '_identity-backend' => '7223aaae057f741b3ba5c4d0725f6f17a2846f199c7fcfd05830ef9b8b13aedaa:2:{i:0;s:17:\"_identity-backend\";i:1;s:46:\"[1,\"4sSpK38KErySZpizaMO18REH4nXWPDrD\",2592000]\";}'
    'BACKEND_FEEHICMS' => 'pi6mvlgub59hjgsnrr0mehddms'
    '_csrf_backend' => 'ae152197871f935c582860e0ee9e3fba381823906735adaead67a55f5dad9cbfa:2:{i:0;s:13:\"_csrf_backend\";i:1;s:32:\"3hpLfBYPK-iMAk9k8ytRMmuZi2EWSpZt\";}'
    'PHPSESSID' => 'rc8n5lr5goppve04t5icjn3q1u'
    '_csrf' => '98f4e9638b107ccf1d31e4b9fe6ba9f5bcb626190024821c3dc86024270ef359a:2:{i:0;s:5:\"_csrf\";i:1;s:32:\"v0HE9XVvPnKqN_E3zo-evAzc9jCiZca1\";}'
]

$_SESSION = [
    '__flash' => []
    '_backend_returnUrl' => '/admin/'
    '__captcha/site/captcha' => 'cede'
    '__captcha/site/captchacount' => 1
    '__backend__id' => 1
    '_create_referer' => 'http://localhost:8080/admin/index.php?r=article%2Findex'
    '_update_referer' => 'http://localhost:8080/admin/index.php?r=frontend-menu%2Findex'
]

$_SERVER = [
    'DOCUMENT_ROOT' => 'D:\\phpstudy_pro\\WWW\\frontend\\web'
    'REMOTE_ADDR' => '127.0.0.1'
    'REMOTE_PORT' => '8988'
    'SERVER_SOFTWARE' => 'PHP 7.3.4 Development Server'
    'SERVER_PROTOCOL' => 'HTTP/1.1'
    'SERVER_NAME' => 'localhost'
    'SERVER_PORT' => '8080'
    'REQUEST_URI' => '/admin/index.php?r=gii%2Fdefault%2Fview&id=model'
    'REQUEST_METHOD' => 'POST'
    'SCRIPT_NAME' => '/admin/index.php'
    'SCRIPT_FILENAME' => 'D:\\phpstudy_pro\\WWW\\frontend\\web\\admin\\index.php'
    'PHP_SELF' => '/admin/index.php'
    'QUERY_STRING' => 'r=gii%2Fdefault%2Fview&id=model'
    'HTTP_HOST' => 'localhost:8080'
    'HTTP_CONNECTION' => 'keep-alive'
    'CONTENT_LENGTH' => '889'
    'HTTP_CONTENT_LENGTH' => '889'
    'HTTP_CACHE_CONTROL' => 'max-age=0'
    'HTTP_SEC_CH_UA' => '\"Not_A Brand\";v=\"99\", \"Microsoft Edge\";v=\"109\", \"Chromium\";v=\"109\"'
    'HTTP_SEC_CH_UA_MOBILE' => '?0'
    'HTTP_SEC_CH_UA_PLATFORM' => '\"Windows\"'
    'HTTP_UPGRADE_INSECURE_REQUESTS' => '1'
    'HTTP_ORIGIN' => 'http://localhost:8080'
    'CONTENT_TYPE' => 'application/x-www-form-urlencoded'
    'HTTP_CONTENT_TYPE' => 'application/x-www-form-urlencoded'
    'HTTP_USER_AGENT' => 'Mozilla/5.0 (Windows NT 10.0; Win64; x64) AppleWebKit/537.36 (KHTML, like Gecko) Chrome/109.0.0.0 Safari/537.36 Edg/109.0.1518.78'
    'HTTP_ACCEPT' => 'text/html,application/xhtml+xml,application/xml;q=0.9,image/webp,image/apng,*/*;q=0.8,application/signed-exchange;v=b3;q=0.9'
    'HTTP_SEC_FETCH_SITE' => 'same-origin'
    'HTTP_SEC_FETCH_MODE' => 'navigate'
    'HTTP_SEC_FETCH_USER' => '?1'
    'HTTP_SEC_FETCH_DEST' => 'document'
    'HTTP_REFERER' => 'http://localhost:8080/admin/index.php?r=gii%2Fdefault%2Fview&id=model'
    'HTTP_ACCEPT_ENCODING' => 'gzip, deflate, br'
    'HTTP_ACCEPT_LANGUAGE' => 'zh-CN,zh;q=0.9,en;q=0.8,en-GB;q=0.7,en-US;q=0.6'
    'HTTP_COOKIE' => 'wordpress_logged_in_86a9106ae65537651a8e456835b316ab=mmma%7C1677050114%7CbT7ng8zBap8ZomuqdwGcjq60357AHSocZMRZYk1b7uI%7C33c8845584b6d712613a75dad4396516b8f24492be531ba5872116c6f5fd0330; wp-settings-time-1=1675943997; _identity-frontend=ff4723d33490d1a30d5640e71fd7d121f9b6f51fd9475373e1d93f547b10525aa%3A2%3A%7Bi%3A0%3Bs%3A18%3A%22_identity-frontend%22%3Bi%3A1%3Bs%3A46%3A%22%5B1%2C%224sSpK38KErySZpizaMO18REH4nXWPDrD%22%2C2592000%5D%22%3B%7D; _identity-backend=7223aaae057f741b3ba5c4d0725f6f17a2846f199c7fcfd05830ef9b8b13aedaa%3A2%3A%7Bi%3A0%3Bs%3A17%3A%22_identity-backend%22%3Bi%3A1%3Bs%3A46%3A%22%5B1%2C%224sSpK38KErySZpizaMO18REH4nXWPDrD%22%2C2592000%5D%22%3B%7D; BACKEND_FEEHICMS=pi6mvlgub59hjgsnrr0mehddms; _csrf_backend=ae152197871f935c582860e0ee9e3fba381823906735adaead67a55f5dad9cbfa%3A2%3A%7Bi%3A0%3Bs%3A13%3A%22_csrf_backend%22%3Bi%3A1%3Bs%3A32%3A%223hpLfBYPK-iMAk9k8ytRMmuZi2EWSpZt%22%3B%7D; PHPSESSID=rc8n5lr5goppve04t5icjn3q1u; _csrf=98f4e9638b107ccf1d31e4b9fe6ba9f5bcb626190024821c3dc86024270ef359a%3A2%3A%7Bi%3A0%3Bs%3A5%3A%22_csrf%22%3Bi%3A1%3Bs%3A32%3A%22v0HE9XVvPnKqN_E3zo-evAzc9jCiZca1%22%3B%7D'
    'REQUEST_TIME_FLOAT' => 1676106009.2016
    'REQUEST_TIME' => 1676106009
]
2023-02-11 17:01:40 [127.0.0.1][1][pi6mvlgub59hjgsnrr0mehddms][error][yii\db\Exception] PDOException: SQLSTATE[42000]: Syntax error or access violation: 1103 Incorrect table name '' in D:\phpstudy_pro\WWW\vendor\yiisoft\yii2\db\Command.php:1290
Stack trace:
#0 D:\phpstudy_pro\WWW\vendor\yiisoft\yii2\db\Command.php(1290): PDOStatement->execute()
#1 D:\phpstudy_pro\WWW\vendor\yiisoft\yii2\db\Command.php(1158): yii\db\Command->internalExecute('SHOW FULL COLUM...')
#2 D:\phpstudy_pro\WWW\vendor\yiisoft\yii2\db\Command.php(399): yii\db\Command->queryInternal('fetchAll', NULL)
#3 D:\phpstudy_pro\WWW\vendor\yiisoft\yii2\db\mysql\Schema.php(319): yii\db\Command->queryAll()
#4 D:\phpstudy_pro\WWW\vendor\yiisoft\yii2\db\mysql\Schema.php(125): yii\db\mysql\Schema->findColumns(Object(yii\db\TableSchema))
#5 D:\phpstudy_pro\WWW\vendor\yiisoft\yii2\db\Schema.php(744): yii\db\mysql\Schema->loadTableSchema(NULL)
#6 D:\phpstudy_pro\WWW\vendor\yiisoft\yii2\db\Schema.php(194): yii\db\Schema->getTableMetadata(NULL, 'schema', false)
#7 D:\phpstudy_pro\WWW\vendor\yiisoft\yii2\db\Connection.php(858): yii\db\Schema->getTableSchema(NULL, false)
#8 D:\phpstudy_pro\WWW\vendor\yiisoft\yii2-gii\src\generators\model\Generator.php(510): yii\db\Connection->getTableSchema(NULL)
#9 D:\phpstudy_pro\WWW\vendor\yiisoft\yii2-gii\src\generators\model\Generator.php(216): yii\gii\generators\model\Generator->generateRelations()
#10 D:\phpstudy_pro\WWW\vendor\yiisoft\yii2-gii\src\controllers\DefaultController.php(61): yii\gii\generators\model\Generator->generate()
#11 [internal function]: yii\gii\controllers\DefaultController->actionView('model')
#12 D:\phpstudy_pro\WWW\vendor\yiisoft\yii2\base\InlineAction.php(57): call_user_func_array(Array, Array)
#13 D:\phpstudy_pro\WWW\vendor\yiisoft\yii2\base\Controller.php(157): yii\base\InlineAction->runWithParams(Array)
#14 D:\phpstudy_pro\WWW\vendor\yiisoft\yii2\base\Module.php(528): yii\base\Controller->runAction('view', Array)
#15 D:\phpstudy_pro\WWW\vendor\yiisoft\yii2\web\Application.php(103): yii\base\Module->runAction('gii/default/vie...', Array)
#16 D:\phpstudy_pro\WWW\vendor\yiisoft\yii2\base\Application.php(386): yii\web\Application->handleRequest(Object(yii\web\Request))
#17 D:\phpstudy_pro\WWW\frontend\web\admin\index.php(18): yii\base\Application->run()
#18 {main}

Next yii\db\Exception: SQLSTATE[42000]: Syntax error or access violation: 1103 Incorrect table name ''
The SQL being executed was: SHOW FULL COLUMNS FROM `` in D:\phpstudy_pro\WWW\vendor\yiisoft\yii2\db\Schema.php:664
Stack trace:
#0 D:\phpstudy_pro\WWW\vendor\yiisoft\yii2\db\Command.php(1295): yii\db\Schema->convertException(Object(PDOException), 'SHOW FULL COLUM...')
#1 D:\phpstudy_pro\WWW\vendor\yiisoft\yii2\db\Command.php(1158): yii\db\Command->internalExecute('SHOW FULL COLUM...')
#2 D:\phpstudy_pro\WWW\vendor\yiisoft\yii2\db\Command.php(399): yii\db\Command->queryInternal('fetchAll', NULL)
#3 D:\phpstudy_pro\WWW\vendor\yiisoft\yii2\db\mysql\Schema.php(319): yii\db\Command->queryAll()
#4 D:\phpstudy_pro\WWW\vendor\yiisoft\yii2\db\mysql\Schema.php(125): yii\db\mysql\Schema->findColumns(Object(yii\db\TableSchema))
#5 D:\phpstudy_pro\WWW\vendor\yiisoft\yii2\db\Schema.php(744): yii\db\mysql\Schema->loadTableSchema(NULL)
#6 D:\phpstudy_pro\WWW\vendor\yiisoft\yii2\db\Schema.php(194): yii\db\Schema->getTableMetadata(NULL, 'schema', false)
#7 D:\phpstudy_pro\WWW\vendor\yiisoft\yii2\db\Connection.php(858): yii\db\Schema->getTableSchema(NULL, false)
#8 D:\phpstudy_pro\WWW\vendor\yiisoft\yii2-gii\src\generators\model\Generator.php(510): yii\db\Connection->getTableSchema(NULL)
#9 D:\phpstudy_pro\WWW\vendor\yiisoft\yii2-gii\src\generators\model\Generator.php(216): yii\gii\generators\model\Generator->generateRelations()
#10 D:\phpstudy_pro\WWW\vendor\yiisoft\yii2-gii\src\controllers\DefaultController.php(61): yii\gii\generators\model\Generator->generate()
#11 [internal function]: yii\gii\controllers\DefaultController->actionView('model')
#12 D:\phpstudy_pro\WWW\vendor\yiisoft\yii2\base\InlineAction.php(57): call_user_func_array(Array, Array)
#13 D:\phpstudy_pro\WWW\vendor\yiisoft\yii2\base\Controller.php(157): yii\base\InlineAction->runWithParams(Array)
#14 D:\phpstudy_pro\WWW\vendor\yiisoft\yii2\base\Module.php(528): yii\base\Controller->runAction('view', Array)
#15 D:\phpstudy_pro\WWW\vendor\yiisoft\yii2\web\Application.php(103): yii\base\Module->runAction('gii/default/vie...', Array)
#16 D:\phpstudy_pro\WWW\vendor\yiisoft\yii2\base\Application.php(386): yii\web\Application->handleRequest(Object(yii\web\Request))
#17 D:\phpstudy_pro\WWW\frontend\web\admin\index.php(18): yii\base\Application->run()
#18 {main}
Additional Information:
Array
(
    [0] => 42000
    [1] => 1103
    [2] => Incorrect table name ''
)

2023-02-11 17:01:40 [127.0.0.1][1][pi6mvlgub59hjgsnrr0mehddms][info][application] $_GET = [
    'r' => 'gii/default/view'
    'id' => 'model'
]

$_POST = [
    '_csrf_backend' => '6lH5NxI5I0mMaCfnyPbaphK_QL8HMmXehDLRtJyd9DDZOYl7dHt6GcdFTqqJnePNKsY07UpfEITtAJTjz-2uRA=='
    'Generator' => [
        'tableName' => 'feehi_team'
        'modelClass' => 'Team'
        'standardizeCapitals' => '1'
        'ns' => 'common\\models'
        'baseClass' => 'yii\\db\\ActiveRecord'
        'db' => 'db'
        'useTablePrefix' => '1'
        'generateRelations' => 'all'
        'generateRelationsFromCurrentSchema' => '1'
        'generateLabelsFromComments' => '0'
        'generateQuery' => '0'
        'queryNs' => 'common\\models'
        'queryBaseClass' => 'yii\\db\\ActiveQuery'
        'enableI18N' => '0'
        'messageCategory' => 'app'
        'useSchemaName' => '1'
        'template' => 'default'
    ]
    'preview' => ''
]

$_FILES = []

$_COOKIE = [
    'wordpress_logged_in_86a9106ae65537651a8e456835b316ab' => 'mmma|1677050114|bT7ng8zBap8ZomuqdwGcjq60357AHSocZMRZYk1b7uI|33c8845584b6d712613a75dad4396516b8f24492be531ba5872116c6f5fd0330'
    'wp-settings-time-1' => '1675943997'
    '_identity-frontend' => 'ff4723d33490d1a30d5640e71fd7d121f9b6f51fd9475373e1d93f547b10525aa:2:{i:0;s:18:\"_identity-frontend\";i:1;s:46:\"[1,\"4sSpK38KErySZpizaMO18REH4nXWPDrD\",2592000]\";}'
    '_identity-backend' => '7223aaae057f741b3ba5c4d0725f6f17a2846f199c7fcfd05830ef9b8b13aedaa:2:{i:0;s:17:\"_identity-backend\";i:1;s:46:\"[1,\"4sSpK38KErySZpizaMO18REH4nXWPDrD\",2592000]\";}'
    'BACKEND_FEEHICMS' => 'pi6mvlgub59hjgsnrr0mehddms'
    '_csrf_backend' => 'ae152197871f935c582860e0ee9e3fba381823906735adaead67a55f5dad9cbfa:2:{i:0;s:13:\"_csrf_backend\";i:1;s:32:\"3hpLfBYPK-iMAk9k8ytRMmuZi2EWSpZt\";}'
    'PHPSESSID' => 'rc8n5lr5goppve04t5icjn3q1u'
    '_csrf' => '98f4e9638b107ccf1d31e4b9fe6ba9f5bcb626190024821c3dc86024270ef359a:2:{i:0;s:5:\"_csrf\";i:1;s:32:\"v0HE9XVvPnKqN_E3zo-evAzc9jCiZca1\";}'
]

$_SESSION = [
    '__flash' => []
    '_backend_returnUrl' => '/admin/'
    '__captcha/site/captcha' => 'cede'
    '__captcha/site/captchacount' => 1
    '__backend__id' => 1
    '_create_referer' => 'http://localhost:8080/admin/index.php?r=article%2Findex'
    '_update_referer' => 'http://localhost:8080/admin/index.php?r=frontend-menu%2Findex'
]

$_SERVER = [
    'DOCUMENT_ROOT' => 'D:\\phpstudy_pro\\WWW\\frontend\\web'
    'REMOTE_ADDR' => '127.0.0.1'
    'REMOTE_PORT' => '9095'
    'SERVER_SOFTWARE' => 'PHP 7.3.4 Development Server'
    'SERVER_PROTOCOL' => 'HTTP/1.1'
    'SERVER_NAME' => 'localhost'
    'SERVER_PORT' => '8080'
    'REQUEST_URI' => '/admin/index.php?r=gii%2Fdefault%2Fview&id=model'
    'REQUEST_METHOD' => 'POST'
    'SCRIPT_NAME' => '/admin/index.php'
    'SCRIPT_FILENAME' => 'D:\\phpstudy_pro\\WWW\\frontend\\web\\admin\\index.php'
    'PHP_SELF' => '/admin/index.php'
    'QUERY_STRING' => 'r=gii%2Fdefault%2Fview&id=model'
    'HTTP_HOST' => 'localhost:8080'
    'HTTP_CONNECTION' => 'keep-alive'
    'CONTENT_LENGTH' => '889'
    'HTTP_CONTENT_LENGTH' => '889'
    'HTTP_CACHE_CONTROL' => 'max-age=0'
    'HTTP_SEC_CH_UA' => '\"Not_A Brand\";v=\"99\", \"Microsoft Edge\";v=\"109\", \"Chromium\";v=\"109\"'
    'HTTP_SEC_CH_UA_MOBILE' => '?0'
    'HTTP_SEC_CH_UA_PLATFORM' => '\"Windows\"'
    'HTTP_UPGRADE_INSECURE_REQUESTS' => '1'
    'HTTP_USER_AGENT' => 'Mozilla/5.0 (Windows NT 10.0; Win64; x64) AppleWebKit/537.36 (KHTML, like Gecko) Chrome/109.0.0.0 Safari/537.36 Edg/109.0.1518.78'
    'HTTP_ORIGIN' => 'http://localhost:8080'
    'CONTENT_TYPE' => 'application/x-www-form-urlencoded'
    'HTTP_CONTENT_TYPE' => 'application/x-www-form-urlencoded'
    'HTTP_ACCEPT' => 'text/html,application/xhtml+xml,application/xml;q=0.9,image/webp,image/apng,*/*;q=0.8,application/signed-exchange;v=b3;q=0.9'
    'HTTP_SEC_FETCH_SITE' => 'same-origin'
    'HTTP_SEC_FETCH_MODE' => 'navigate'
    'HTTP_SEC_FETCH_USER' => '?1'
    'HTTP_SEC_FETCH_DEST' => 'document'
    'HTTP_REFERER' => 'http://localhost:8080/admin/index.php?r=gii%2Fdefault%2Fview&id=model'
    'HTTP_ACCEPT_ENCODING' => 'gzip, deflate, br'
    'HTTP_ACCEPT_LANGUAGE' => 'zh-CN,zh;q=0.9,en;q=0.8,en-GB;q=0.7,en-US;q=0.6'
    'HTTP_COOKIE' => 'wordpress_logged_in_86a9106ae65537651a8e456835b316ab=mmma%7C1677050114%7CbT7ng8zBap8ZomuqdwGcjq60357AHSocZMRZYk1b7uI%7C33c8845584b6d712613a75dad4396516b8f24492be531ba5872116c6f5fd0330; wp-settings-time-1=1675943997; _identity-frontend=ff4723d33490d1a30d5640e71fd7d121f9b6f51fd9475373e1d93f547b10525aa%3A2%3A%7Bi%3A0%3Bs%3A18%3A%22_identity-frontend%22%3Bi%3A1%3Bs%3A46%3A%22%5B1%2C%224sSpK38KErySZpizaMO18REH4nXWPDrD%22%2C2592000%5D%22%3B%7D; _identity-backend=7223aaae057f741b3ba5c4d0725f6f17a2846f199c7fcfd05830ef9b8b13aedaa%3A2%3A%7Bi%3A0%3Bs%3A17%3A%22_identity-backend%22%3Bi%3A1%3Bs%3A46%3A%22%5B1%2C%224sSpK38KErySZpizaMO18REH4nXWPDrD%22%2C2592000%5D%22%3B%7D; BACKEND_FEEHICMS=pi6mvlgub59hjgsnrr0mehddms; _csrf_backend=ae152197871f935c582860e0ee9e3fba381823906735adaead67a55f5dad9cbfa%3A2%3A%7Bi%3A0%3Bs%3A13%3A%22_csrf_backend%22%3Bi%3A1%3Bs%3A32%3A%223hpLfBYPK-iMAk9k8ytRMmuZi2EWSpZt%22%3B%7D; PHPSESSID=rc8n5lr5goppve04t5icjn3q1u; _csrf=98f4e9638b107ccf1d31e4b9fe6ba9f5bcb626190024821c3dc86024270ef359a%3A2%3A%7Bi%3A0%3Bs%3A5%3A%22_csrf%22%3Bi%3A1%3Bs%3A32%3A%22v0HE9XVvPnKqN_E3zo-evAzc9jCiZca1%22%3B%7D'
    'REQUEST_TIME_FLOAT' => 1676106100.3361
    'REQUEST_TIME' => 1676106100
]
2023-02-11 17:03:59 [127.0.0.1][1][pi6mvlgub59hjgsnrr0mehddms][error][yii\db\Exception] PDOException: SQLSTATE[42000]: Syntax error or access violation: 1103 Incorrect table name '' in D:\phpstudy_pro\WWW\vendor\yiisoft\yii2\db\Command.php:1290
Stack trace:
#0 D:\phpstudy_pro\WWW\vendor\yiisoft\yii2\db\Command.php(1290): PDOStatement->execute()
#1 D:\phpstudy_pro\WWW\vendor\yiisoft\yii2\db\Command.php(1158): yii\db\Command->internalExecute('SHOW FULL COLUM...')
#2 D:\phpstudy_pro\WWW\vendor\yiisoft\yii2\db\Command.php(399): yii\db\Command->queryInternal('fetchAll', NULL)
#3 D:\phpstudy_pro\WWW\vendor\yiisoft\yii2\db\mysql\Schema.php(319): yii\db\Command->queryAll()
#4 D:\phpstudy_pro\WWW\vendor\yiisoft\yii2\db\mysql\Schema.php(125): yii\db\mysql\Schema->findColumns(Object(yii\db\TableSchema))
#5 D:\phpstudy_pro\WWW\vendor\yiisoft\yii2\db\Schema.php(744): yii\db\mysql\Schema->loadTableSchema(NULL)
#6 D:\phpstudy_pro\WWW\vendor\yiisoft\yii2\db\Schema.php(194): yii\db\Schema->getTableMetadata(NULL, 'schema', false)
#7 D:\phpstudy_pro\WWW\vendor\yiisoft\yii2\db\Connection.php(858): yii\db\Schema->getTableSchema(NULL, false)
#8 D:\phpstudy_pro\WWW\vendor\yiisoft\yii2-gii\src\generators\model\Generator.php(510): yii\db\Connection->getTableSchema(NULL)
#9 D:\phpstudy_pro\WWW\vendor\yiisoft\yii2-gii\src\generators\model\Generator.php(216): yii\gii\generators\model\Generator->generateRelations()
#10 D:\phpstudy_pro\WWW\vendor\yiisoft\yii2-gii\src\controllers\DefaultController.php(61): yii\gii\generators\model\Generator->generate()
#11 [internal function]: yii\gii\controllers\DefaultController->actionView('model')
#12 D:\phpstudy_pro\WWW\vendor\yiisoft\yii2\base\InlineAction.php(57): call_user_func_array(Array, Array)
#13 D:\phpstudy_pro\WWW\vendor\yiisoft\yii2\base\Controller.php(157): yii\base\InlineAction->runWithParams(Array)
#14 D:\phpstudy_pro\WWW\vendor\yiisoft\yii2\base\Module.php(528): yii\base\Controller->runAction('view', Array)
#15 D:\phpstudy_pro\WWW\vendor\yiisoft\yii2\web\Application.php(103): yii\base\Module->runAction('gii/default/vie...', Array)
#16 D:\phpstudy_pro\WWW\vendor\yiisoft\yii2\base\Application.php(386): yii\web\Application->handleRequest(Object(yii\web\Request))
#17 D:\phpstudy_pro\WWW\frontend\web\admin\index.php(18): yii\base\Application->run()
#18 {main}

Next yii\db\Exception: SQLSTATE[42000]: Syntax error or access violation: 1103 Incorrect table name ''
The SQL being executed was: SHOW FULL COLUMNS FROM `` in D:\phpstudy_pro\WWW\vendor\yiisoft\yii2\db\Schema.php:664
Stack trace:
#0 D:\phpstudy_pro\WWW\vendor\yiisoft\yii2\db\Command.php(1295): yii\db\Schema->convertException(Object(PDOException), 'SHOW FULL COLUM...')
#1 D:\phpstudy_pro\WWW\vendor\yiisoft\yii2\db\Command.php(1158): yii\db\Command->internalExecute('SHOW FULL COLUM...')
#2 D:\phpstudy_pro\WWW\vendor\yiisoft\yii2\db\Command.php(399): yii\db\Command->queryInternal('fetchAll', NULL)
#3 D:\phpstudy_pro\WWW\vendor\yiisoft\yii2\db\mysql\Schema.php(319): yii\db\Command->queryAll()
#4 D:\phpstudy_pro\WWW\vendor\yiisoft\yii2\db\mysql\Schema.php(125): yii\db\mysql\Schema->findColumns(Object(yii\db\TableSchema))
#5 D:\phpstudy_pro\WWW\vendor\yiisoft\yii2\db\Schema.php(744): yii\db\mysql\Schema->loadTableSchema(NULL)
#6 D:\phpstudy_pro\WWW\vendor\yiisoft\yii2\db\Schema.php(194): yii\db\Schema->getTableMetadata(NULL, 'schema', false)
#7 D:\phpstudy_pro\WWW\vendor\yiisoft\yii2\db\Connection.php(858): yii\db\Schema->getTableSchema(NULL, false)
#8 D:\phpstudy_pro\WWW\vendor\yiisoft\yii2-gii\src\generators\model\Generator.php(510): yii\db\Connection->getTableSchema(NULL)
#9 D:\phpstudy_pro\WWW\vendor\yiisoft\yii2-gii\src\generators\model\Generator.php(216): yii\gii\generators\model\Generator->generateRelations()
#10 D:\phpstudy_pro\WWW\vendor\yiisoft\yii2-gii\src\controllers\DefaultController.php(61): yii\gii\generators\model\Generator->generate()
#11 [internal function]: yii\gii\controllers\DefaultController->actionView('model')
#12 D:\phpstudy_pro\WWW\vendor\yiisoft\yii2\base\InlineAction.php(57): call_user_func_array(Array, Array)
#13 D:\phpstudy_pro\WWW\vendor\yiisoft\yii2\base\Controller.php(157): yii\base\InlineAction->runWithParams(Array)
#14 D:\phpstudy_pro\WWW\vendor\yiisoft\yii2\base\Module.php(528): yii\base\Controller->runAction('view', Array)
#15 D:\phpstudy_pro\WWW\vendor\yiisoft\yii2\web\Application.php(103): yii\base\Module->runAction('gii/default/vie...', Array)
#16 D:\phpstudy_pro\WWW\vendor\yiisoft\yii2\base\Application.php(386): yii\web\Application->handleRequest(Object(yii\web\Request))
#17 D:\phpstudy_pro\WWW\frontend\web\admin\index.php(18): yii\base\Application->run()
#18 {main}
Additional Information:
Array
(
    [0] => 42000
    [1] => 1103
    [2] => Incorrect table name ''
)

2023-02-11 17:03:58 [127.0.0.1][1][pi6mvlgub59hjgsnrr0mehddms][info][application] $_GET = [
    'r' => 'gii/default/view'
    'id' => 'model'
]

$_POST = [
    '_csrf_backend' => 'ZCaMBtrle0SgGTeykZhZkRWxAj_FXXdnxPva-ttU4gRXTvxKvKciFOs0Xv_Q82D6Lch2bYgwAj2tyZ-tiCS4cA=='
    'Generator' => [
        'tableName' => 'feehi_user'
        'modelClass' => 'Team'
        'standardizeCapitals' => '1'
        'ns' => 'common\\models'
        'baseClass' => 'yii\\db\\ActiveRecord'
        'db' => 'db'
        'useTablePrefix' => '1'
        'generateRelations' => 'all'
        'generateRelationsFromCurrentSchema' => '1'
        'generateLabelsFromComments' => '0'
        'generateQuery' => '0'
        'queryNs' => 'common\\models'
        'queryBaseClass' => 'yii\\db\\ActiveQuery'
        'enableI18N' => '0'
        'messageCategory' => 'app'
        'useSchemaName' => '1'
        'template' => 'default'
    ]
    'preview' => ''
]

$_FILES = []

$_COOKIE = [
    'wordpress_logged_in_86a9106ae65537651a8e456835b316ab' => 'mmma|1677050114|bT7ng8zBap8ZomuqdwGcjq60357AHSocZMRZYk1b7uI|33c8845584b6d712613a75dad4396516b8f24492be531ba5872116c6f5fd0330'
    'wp-settings-time-1' => '1675943997'
    '_identity-frontend' => 'ff4723d33490d1a30d5640e71fd7d121f9b6f51fd9475373e1d93f547b10525aa:2:{i:0;s:18:\"_identity-frontend\";i:1;s:46:\"[1,\"4sSpK38KErySZpizaMO18REH4nXWPDrD\",2592000]\";}'
    '_identity-backend' => '7223aaae057f741b3ba5c4d0725f6f17a2846f199c7fcfd05830ef9b8b13aedaa:2:{i:0;s:17:\"_identity-backend\";i:1;s:46:\"[1,\"4sSpK38KErySZpizaMO18REH4nXWPDrD\",2592000]\";}'
    'BACKEND_FEEHICMS' => 'pi6mvlgub59hjgsnrr0mehddms'
    '_csrf_backend' => 'ae152197871f935c582860e0ee9e3fba381823906735adaead67a55f5dad9cbfa:2:{i:0;s:13:\"_csrf_backend\";i:1;s:32:\"3hpLfBYPK-iMAk9k8ytRMmuZi2EWSpZt\";}'
    'PHPSESSID' => 'rc8n5lr5goppve04t5icjn3q1u'
    '_csrf' => '98f4e9638b107ccf1d31e4b9fe6ba9f5bcb626190024821c3dc86024270ef359a:2:{i:0;s:5:\"_csrf\";i:1;s:32:\"v0HE9XVvPnKqN_E3zo-evAzc9jCiZca1\";}'
]

$_SESSION = [
    '__flash' => []
    '_backend_returnUrl' => '/admin/'
    '__captcha/site/captcha' => 'cede'
    '__captcha/site/captchacount' => 1
    '__backend__id' => 1
    '_create_referer' => 'http://localhost:8080/admin/index.php?r=article%2Findex'
    '_update_referer' => 'http://localhost:8080/admin/index.php?r=frontend-menu%2Findex'
]

$_SERVER = [
    'DOCUMENT_ROOT' => 'D:\\phpstudy_pro\\WWW\\frontend\\web'
    'REMOTE_ADDR' => '127.0.0.1'
    'REMOTE_PORT' => '9247'
    'SERVER_SOFTWARE' => 'PHP 7.3.4 Development Server'
    'SERVER_PROTOCOL' => 'HTTP/1.1'
    'SERVER_NAME' => 'localhost'
    'SERVER_PORT' => '8080'
    'REQUEST_URI' => '/admin/index.php?r=gii%2Fdefault%2Fview&id=model'
    'REQUEST_METHOD' => 'POST'
    'SCRIPT_NAME' => '/admin/index.php'
    'SCRIPT_FILENAME' => 'D:\\phpstudy_pro\\WWW\\frontend\\web\\admin\\index.php'
    'PHP_SELF' => '/admin/index.php'
    'QUERY_STRING' => 'r=gii%2Fdefault%2Fview&id=model'
    'HTTP_HOST' => 'localhost:8080'
    'HTTP_CONNECTION' => 'keep-alive'
    'CONTENT_LENGTH' => '889'
    'HTTP_CONTENT_LENGTH' => '889'
    'HTTP_CACHE_CONTROL' => 'max-age=0'
    'HTTP_SEC_CH_UA' => '\"Not_A Brand\";v=\"99\", \"Microsoft Edge\";v=\"109\", \"Chromium\";v=\"109\"'
    'HTTP_SEC_CH_UA_MOBILE' => '?0'
    'HTTP_SEC_CH_UA_PLATFORM' => '\"Windows\"'
    'HTTP_UPGRADE_INSECURE_REQUESTS' => '1'
    'HTTP_ORIGIN' => 'http://localhost:8080'
    'CONTENT_TYPE' => 'application/x-www-form-urlencoded'
    'HTTP_CONTENT_TYPE' => 'application/x-www-form-urlencoded'
    'HTTP_USER_AGENT' => 'Mozilla/5.0 (Windows NT 10.0; Win64; x64) AppleWebKit/537.36 (KHTML, like Gecko) Chrome/109.0.0.0 Safari/537.36 Edg/109.0.1518.78'
    'HTTP_ACCEPT' => 'text/html,application/xhtml+xml,application/xml;q=0.9,image/webp,image/apng,*/*;q=0.8,application/signed-exchange;v=b3;q=0.9'
    'HTTP_SEC_FETCH_SITE' => 'same-origin'
    'HTTP_SEC_FETCH_MODE' => 'navigate'
    'HTTP_SEC_FETCH_USER' => '?1'
    'HTTP_SEC_FETCH_DEST' => 'document'
    'HTTP_REFERER' => 'http://localhost:8080/admin/index.php?r=gii%2Fdefault%2Fview&id=model'
    'HTTP_ACCEPT_ENCODING' => 'gzip, deflate, br'
    'HTTP_ACCEPT_LANGUAGE' => 'zh-CN,zh;q=0.9,en;q=0.8,en-GB;q=0.7,en-US;q=0.6'
    'HTTP_COOKIE' => 'wordpress_logged_in_86a9106ae65537651a8e456835b316ab=mmma%7C1677050114%7CbT7ng8zBap8ZomuqdwGcjq60357AHSocZMRZYk1b7uI%7C33c8845584b6d712613a75dad4396516b8f24492be531ba5872116c6f5fd0330; wp-settings-time-1=1675943997; _identity-frontend=ff4723d33490d1a30d5640e71fd7d121f9b6f51fd9475373e1d93f547b10525aa%3A2%3A%7Bi%3A0%3Bs%3A18%3A%22_identity-frontend%22%3Bi%3A1%3Bs%3A46%3A%22%5B1%2C%224sSpK38KErySZpizaMO18REH4nXWPDrD%22%2C2592000%5D%22%3B%7D; _identity-backend=7223aaae057f741b3ba5c4d0725f6f17a2846f199c7fcfd05830ef9b8b13aedaa%3A2%3A%7Bi%3A0%3Bs%3A17%3A%22_identity-backend%22%3Bi%3A1%3Bs%3A46%3A%22%5B1%2C%224sSpK38KErySZpizaMO18REH4nXWPDrD%22%2C2592000%5D%22%3B%7D; BACKEND_FEEHICMS=pi6mvlgub59hjgsnrr0mehddms; _csrf_backend=ae152197871f935c582860e0ee9e3fba381823906735adaead67a55f5dad9cbfa%3A2%3A%7Bi%3A0%3Bs%3A13%3A%22_csrf_backend%22%3Bi%3A1%3Bs%3A32%3A%223hpLfBYPK-iMAk9k8ytRMmuZi2EWSpZt%22%3B%7D; PHPSESSID=rc8n5lr5goppve04t5icjn3q1u; _csrf=98f4e9638b107ccf1d31e4b9fe6ba9f5bcb626190024821c3dc86024270ef359a%3A2%3A%7Bi%3A0%3Bs%3A5%3A%22_csrf%22%3Bi%3A1%3Bs%3A32%3A%22v0HE9XVvPnKqN_E3zo-evAzc9jCiZca1%22%3B%7D'
    'REQUEST_TIME_FLOAT' => 1676106238.8963
    'REQUEST_TIME' => 1676106238
]
2023-02-11 17:08:24 [127.0.0.1][1][pi6mvlgub59hjgsnrr0mehddms][error][yii\db\Exception] PDOException: SQLSTATE[42000]: Syntax error or access violation: 1103 Incorrect table name '' in D:\phpstudy_pro\WWW\vendor\yiisoft\yii2\db\Command.php:1290
Stack trace:
#0 D:\phpstudy_pro\WWW\vendor\yiisoft\yii2\db\Command.php(1290): PDOStatement->execute()
#1 D:\phpstudy_pro\WWW\vendor\yiisoft\yii2\db\Command.php(1158): yii\db\Command->internalExecute('SHOW FULL COLUM...')
#2 D:\phpstudy_pro\WWW\vendor\yiisoft\yii2\db\Command.php(399): yii\db\Command->queryInternal('fetchAll', NULL)
#3 D:\phpstudy_pro\WWW\vendor\yiisoft\yii2\db\mysql\Schema.php(319): yii\db\Command->queryAll()
#4 D:\phpstudy_pro\WWW\vendor\yiisoft\yii2\db\mysql\Schema.php(125): yii\db\mysql\Schema->findColumns(Object(yii\db\TableSchema))
#5 D:\phpstudy_pro\WWW\vendor\yiisoft\yii2\db\Schema.php(744): yii\db\mysql\Schema->loadTableSchema(NULL)
#6 D:\phpstudy_pro\WWW\vendor\yiisoft\yii2\db\Schema.php(194): yii\db\Schema->getTableMetadata(NULL, 'schema', false)
#7 D:\phpstudy_pro\WWW\vendor\yiisoft\yii2\db\Connection.php(858): yii\db\Schema->getTableSchema(NULL, false)
#8 D:\phpstudy_pro\WWW\vendor\yiisoft\yii2-gii\src\generators\model\Generator.php(510): yii\db\Connection->getTableSchema(NULL)
#9 D:\phpstudy_pro\WWW\vendor\yiisoft\yii2-gii\src\generators\model\Generator.php(216): yii\gii\generators\model\Generator->generateRelations()
#10 D:\phpstudy_pro\WWW\vendor\yiisoft\yii2-gii\src\controllers\DefaultController.php(61): yii\gii\generators\model\Generator->generate()
#11 [internal function]: yii\gii\controllers\DefaultController->actionView('model')
#12 D:\phpstudy_pro\WWW\vendor\yiisoft\yii2\base\InlineAction.php(57): call_user_func_array(Array, Array)
#13 D:\phpstudy_pro\WWW\vendor\yiisoft\yii2\base\Controller.php(157): yii\base\InlineAction->runWithParams(Array)
#14 D:\phpstudy_pro\WWW\vendor\yiisoft\yii2\base\Module.php(528): yii\base\Controller->runAction('view', Array)
#15 D:\phpstudy_pro\WWW\vendor\yiisoft\yii2\web\Application.php(103): yii\base\Module->runAction('gii/default/vie...', Array)
#16 D:\phpstudy_pro\WWW\vendor\yiisoft\yii2\base\Application.php(386): yii\web\Application->handleRequest(Object(yii\web\Request))
#17 D:\phpstudy_pro\WWW\frontend\web\admin\index.php(18): yii\base\Application->run()
#18 {main}

Next yii\db\Exception: SQLSTATE[42000]: Syntax error or access violation: 1103 Incorrect table name ''
The SQL being executed was: SHOW FULL COLUMNS FROM `` in D:\phpstudy_pro\WWW\vendor\yiisoft\yii2\db\Schema.php:664
Stack trace:
#0 D:\phpstudy_pro\WWW\vendor\yiisoft\yii2\db\Command.php(1295): yii\db\Schema->convertException(Object(PDOException), 'SHOW FULL COLUM...')
#1 D:\phpstudy_pro\WWW\vendor\yiisoft\yii2\db\Command.php(1158): yii\db\Command->internalExecute('SHOW FULL COLUM...')
#2 D:\phpstudy_pro\WWW\vendor\yiisoft\yii2\db\Command.php(399): yii\db\Command->queryInternal('fetchAll', NULL)
#3 D:\phpstudy_pro\WWW\vendor\yiisoft\yii2\db\mysql\Schema.php(319): yii\db\Command->queryAll()
#4 D:\phpstudy_pro\WWW\vendor\yiisoft\yii2\db\mysql\Schema.php(125): yii\db\mysql\Schema->findColumns(Object(yii\db\TableSchema))
#5 D:\phpstudy_pro\WWW\vendor\yiisoft\yii2\db\Schema.php(744): yii\db\mysql\Schema->loadTableSchema(NULL)
#6 D:\phpstudy_pro\WWW\vendor\yiisoft\yii2\db\Schema.php(194): yii\db\Schema->getTableMetadata(NULL, 'schema', false)
#7 D:\phpstudy_pro\WWW\vendor\yiisoft\yii2\db\Connection.php(858): yii\db\Schema->getTableSchema(NULL, false)
#8 D:\phpstudy_pro\WWW\vendor\yiisoft\yii2-gii\src\generators\model\Generator.php(510): yii\db\Connection->getTableSchema(NULL)
#9 D:\phpstudy_pro\WWW\vendor\yiisoft\yii2-gii\src\generators\model\Generator.php(216): yii\gii\generators\model\Generator->generateRelations()
#10 D:\phpstudy_pro\WWW\vendor\yiisoft\yii2-gii\src\controllers\DefaultController.php(61): yii\gii\generators\model\Generator->generate()
#11 [internal function]: yii\gii\controllers\DefaultController->actionView('model')
#12 D:\phpstudy_pro\WWW\vendor\yiisoft\yii2\base\InlineAction.php(57): call_user_func_array(Array, Array)
#13 D:\phpstudy_pro\WWW\vendor\yiisoft\yii2\base\Controller.php(157): yii\base\InlineAction->runWithParams(Array)
#14 D:\phpstudy_pro\WWW\vendor\yiisoft\yii2\base\Module.php(528): yii\base\Controller->runAction('view', Array)
#15 D:\phpstudy_pro\WWW\vendor\yiisoft\yii2\web\Application.php(103): yii\base\Module->runAction('gii/default/vie...', Array)
#16 D:\phpstudy_pro\WWW\vendor\yiisoft\yii2\base\Application.php(386): yii\web\Application->handleRequest(Object(yii\web\Request))
#17 D:\phpstudy_pro\WWW\frontend\web\admin\index.php(18): yii\base\Application->run()
#18 {main}
Additional Information:
Array
(
    [0] => 42000
    [1] => 1103
    [2] => Incorrect table name ''
)

2023-02-11 17:08:24 [127.0.0.1][1][pi6mvlgub59hjgsnrr0mehddms][info][application] $_GET = [
    'r' => 'gii/default/view'
    'id' => 'model'
]

$_POST = [
    '_csrf_backend' => '7_BeeQ2_2qp7hqvFas3V2BIclKk-A9j4d19aLXuxoxzcmC41a_2D-jCrwogrpuyzKmXg-3NuraIebR96KMH5aA=='
    'Generator' => [
        'tableName' => 'feehi_team'
        'modelClass' => 'Team'
        'standardizeCapitals' => '1'
        'ns' => 'common\\models'
        'baseClass' => 'yii\\db\\ActiveRecord'
        'db' => 'db'
        'useTablePrefix' => '1'
        'generateRelations' => 'all'
        'generateRelationsFromCurrentSchema' => '1'
        'generateLabelsFromComments' => '0'
        'generateQuery' => '0'
        'queryNs' => 'common\\models'
        'queryBaseClass' => 'yii\\db\\ActiveQuery'
        'enableI18N' => '0'
        'messageCategory' => 'app'
        'useSchemaName' => '0'
        'template' => 'default'
    ]
    'preview' => ''
]

$_FILES = []

$_COOKIE = [
    'wordpress_logged_in_86a9106ae65537651a8e456835b316ab' => 'mmma|1677050114|bT7ng8zBap8ZomuqdwGcjq60357AHSocZMRZYk1b7uI|33c8845584b6d712613a75dad4396516b8f24492be531ba5872116c6f5fd0330'
    'wp-settings-time-1' => '1675943997'
    '_identity-frontend' => 'ff4723d33490d1a30d5640e71fd7d121f9b6f51fd9475373e1d93f547b10525aa:2:{i:0;s:18:\"_identity-frontend\";i:1;s:46:\"[1,\"4sSpK38KErySZpizaMO18REH4nXWPDrD\",2592000]\";}'
    '_identity-backend' => '7223aaae057f741b3ba5c4d0725f6f17a2846f199c7fcfd05830ef9b8b13aedaa:2:{i:0;s:17:\"_identity-backend\";i:1;s:46:\"[1,\"4sSpK38KErySZpizaMO18REH4nXWPDrD\",2592000]\";}'
    'BACKEND_FEEHICMS' => 'pi6mvlgub59hjgsnrr0mehddms'
    '_csrf_backend' => 'ae152197871f935c582860e0ee9e3fba381823906735adaead67a55f5dad9cbfa:2:{i:0;s:13:\"_csrf_backend\";i:1;s:32:\"3hpLfBYPK-iMAk9k8ytRMmuZi2EWSpZt\";}'
    'PHPSESSID' => 'rc8n5lr5goppve04t5icjn3q1u'
    '_csrf' => '98f4e9638b107ccf1d31e4b9fe6ba9f5bcb626190024821c3dc86024270ef359a:2:{i:0;s:5:\"_csrf\";i:1;s:32:\"v0HE9XVvPnKqN_E3zo-evAzc9jCiZca1\";}'
]

$_SESSION = [
    '__flash' => []
    '_backend_returnUrl' => '/admin/'
    '__captcha/site/captcha' => 'cede'
    '__captcha/site/captchacount' => 1
    '__backend__id' => 1
    '_create_referer' => 'http://localhost:8080/admin/index.php?r=article%2Findex'
    '_update_referer' => 'http://localhost:8080/admin/index.php?r=frontend-menu%2Findex'
]

$_SERVER = [
    'DOCUMENT_ROOT' => 'D:\\phpstudy_pro\\WWW\\frontend\\web'
    'REMOTE_ADDR' => '127.0.0.1'
    'REMOTE_PORT' => '9426'
    'SERVER_SOFTWARE' => 'PHP 7.3.4 Development Server'
    'SERVER_PROTOCOL' => 'HTTP/1.1'
    'SERVER_NAME' => 'localhost'
    'SERVER_PORT' => '8080'
    'REQUEST_URI' => '/admin/index.php?r=gii%2Fdefault%2Fview&id=model'
    'REQUEST_METHOD' => 'POST'
    'SCRIPT_NAME' => '/admin/index.php'
    'SCRIPT_FILENAME' => 'D:\\phpstudy_pro\\WWW\\frontend\\web\\admin\\index.php'
    'PHP_SELF' => '/admin/index.php'
    'QUERY_STRING' => 'r=gii%2Fdefault%2Fview&id=model'
    'HTTP_HOST' => 'localhost:8080'
    'HTTP_CONNECTION' => 'keep-alive'
    'CONTENT_LENGTH' => '858'
    'HTTP_CONTENT_LENGTH' => '858'
    'HTTP_CACHE_CONTROL' => 'max-age=0'
    'HTTP_SEC_CH_UA' => '\"Not_A Brand\";v=\"99\", \"Microsoft Edge\";v=\"109\", \"Chromium\";v=\"109\"'
    'HTTP_SEC_CH_UA_MOBILE' => '?0'
    'HTTP_SEC_CH_UA_PLATFORM' => '\"Windows\"'
    'HTTP_UPGRADE_INSECURE_REQUESTS' => '1'
    'HTTP_ORIGIN' => 'http://localhost:8080'
    'CONTENT_TYPE' => 'application/x-www-form-urlencoded'
    'HTTP_CONTENT_TYPE' => 'application/x-www-form-urlencoded'
    'HTTP_USER_AGENT' => 'Mozilla/5.0 (Windows NT 10.0; Win64; x64) AppleWebKit/537.36 (KHTML, like Gecko) Chrome/109.0.0.0 Safari/537.36 Edg/109.0.1518.78'
    'HTTP_ACCEPT' => 'text/html,application/xhtml+xml,application/xml;q=0.9,image/webp,image/apng,*/*;q=0.8,application/signed-exchange;v=b3;q=0.9'
    'HTTP_SEC_FETCH_SITE' => 'same-origin'
    'HTTP_SEC_FETCH_MODE' => 'navigate'
    'HTTP_SEC_FETCH_USER' => '?1'
    'HTTP_SEC_FETCH_DEST' => 'document'
    'HTTP_REFERER' => 'http://localhost:8080/admin/index.php?r=gii%2Fdefault%2Fview&id=model'
    'HTTP_ACCEPT_ENCODING' => 'gzip, deflate, br'
    'HTTP_ACCEPT_LANGUAGE' => 'zh-CN,zh;q=0.9,en;q=0.8,en-GB;q=0.7,en-US;q=0.6'
    'HTTP_COOKIE' => 'wordpress_logged_in_86a9106ae65537651a8e456835b316ab=mmma%7C1677050114%7CbT7ng8zBap8ZomuqdwGcjq60357AHSocZMRZYk1b7uI%7C33c8845584b6d712613a75dad4396516b8f24492be531ba5872116c6f5fd0330; wp-settings-time-1=1675943997; _identity-frontend=ff4723d33490d1a30d5640e71fd7d121f9b6f51fd9475373e1d93f547b10525aa%3A2%3A%7Bi%3A0%3Bs%3A18%3A%22_identity-frontend%22%3Bi%3A1%3Bs%3A46%3A%22%5B1%2C%224sSpK38KErySZpizaMO18REH4nXWPDrD%22%2C2592000%5D%22%3B%7D; _identity-backend=7223aaae057f741b3ba5c4d0725f6f17a2846f199c7fcfd05830ef9b8b13aedaa%3A2%3A%7Bi%3A0%3Bs%3A17%3A%22_identity-backend%22%3Bi%3A1%3Bs%3A46%3A%22%5B1%2C%224sSpK38KErySZpizaMO18REH4nXWPDrD%22%2C2592000%5D%22%3B%7D; BACKEND_FEEHICMS=pi6mvlgub59hjgsnrr0mehddms; _csrf_backend=ae152197871f935c582860e0ee9e3fba381823906735adaead67a55f5dad9cbfa%3A2%3A%7Bi%3A0%3Bs%3A13%3A%22_csrf_backend%22%3Bi%3A1%3Bs%3A32%3A%223hpLfBYPK-iMAk9k8ytRMmuZi2EWSpZt%22%3B%7D; PHPSESSID=rc8n5lr5goppve04t5icjn3q1u; _csrf=98f4e9638b107ccf1d31e4b9fe6ba9f5bcb626190024821c3dc86024270ef359a%3A2%3A%7Bi%3A0%3Bs%3A5%3A%22_csrf%22%3Bi%3A1%3Bs%3A32%3A%22v0HE9XVvPnKqN_E3zo-evAzc9jCiZca1%22%3B%7D'
    'REQUEST_TIME_FLOAT' => 1676106504.58
    'REQUEST_TIME' => 1676106504
]
2023-02-11 23:25:05 [127.0.0.1][1][flol3hcl7j8ado8g7ectqqi2sn][error][yii\base\ErrorException:2] yii\base\ErrorException: rmdir(D:\phpstudy_pro\WWW/frontend/web/admin/assets\ae0894af\css\plugins\chosen): Directory not empty in D:\phpstudy_pro\WWW\vendor\yiisoft\yii2\helpers\BaseFileHelper.php:399
Stack trace:
#0 [internal function]: yii\base\ErrorHandler->handleError(2, 'rmdir(D:\\phpstu...', 'D:\\phpstudy_pro...', 399, Array)
#1 D:\phpstudy_pro\WWW\vendor\yiisoft\yii2\helpers\BaseFileHelper.php(399): rmdir('D:\\phpstudy_pro...')
#2 D:\phpstudy_pro\WWW\vendor\yiisoft\yii2\helpers\BaseFileHelper.php(389): yii\helpers\BaseFileHelper::removeDirectory('D:\\phpstudy_pro...', Array)
#3 D:\phpstudy_pro\WWW\vendor\yiisoft\yii2\helpers\BaseFileHelper.php(389): yii\helpers\BaseFileHelper::removeDirectory('D:\\phpstudy_pro...', Array)
#4 D:\phpstudy_pro\WWW\vendor\yiisoft\yii2\helpers\BaseFileHelper.php(389): yii\helpers\BaseFileHelper::removeDirectory('D:\\phpstudy_pro...', Array)
#5 D:\phpstudy_pro\WWW\backend\controllers\ClearController.php(60): yii\helpers\BaseFileHelper::removeDirectory('D:\\phpstudy_pro...')
#6 D:\phpstudy_pro\WWW\backend\controllers\ClearController.php(29): backend\controllers\ClearController->deleteFiles(Array)
#7 [internal function]: backend\controllers\ClearController->actionBackend()
#8 D:\phpstudy_pro\WWW\vendor\yiisoft\yii2\base\InlineAction.php(57): call_user_func_array(Array, Array)
#9 D:\phpstudy_pro\WWW\vendor\yiisoft\yii2\base\Controller.php(157): yii\base\InlineAction->runWithParams(Array)
#10 D:\phpstudy_pro\WWW\vendor\yiisoft\yii2\base\Module.php(528): yii\base\Controller->runAction('backend', Array)
#11 D:\phpstudy_pro\WWW\vendor\yiisoft\yii2\web\Application.php(103): yii\base\Module->runAction('clear/backend', Array)
#12 D:\phpstudy_pro\WWW\vendor\yiisoft\yii2\base\Application.php(386): yii\web\Application->handleRequest(Object(yii\web\Request))
#13 D:\phpstudy_pro\WWW\frontend\web\admin\index.php(18): yii\base\Application->run()
#14 {main}
2023-02-11 23:25:05 [127.0.0.1][1][flol3hcl7j8ado8g7ectqqi2sn][info][application] $_GET = [
    'r' => 'clear/backend'
]

$_POST = []

$_FILES = []

$_COOKIE = [
    'wordpress_logged_in_86a9106ae65537651a8e456835b316ab' => 'mmma|1677050114|bT7ng8zBap8ZomuqdwGcjq60357AHSocZMRZYk1b7uI|33c8845584b6d712613a75dad4396516b8f24492be531ba5872116c6f5fd0330'
    'wp-settings-time-1' => '1675943997'
    '_identity-frontend' => 'ff4723d33490d1a30d5640e71fd7d121f9b6f51fd9475373e1d93f547b10525aa:2:{i:0;s:18:\"_identity-frontend\";i:1;s:46:\"[1,\"4sSpK38KErySZpizaMO18REH4nXWPDrD\",2592000]\";}'
    '_identity-backend' => '7223aaae057f741b3ba5c4d0725f6f17a2846f199c7fcfd05830ef9b8b13aedaa:2:{i:0;s:17:\"_identity-backend\";i:1;s:46:\"[1,\"4sSpK38KErySZpizaMO18REH4nXWPDrD\",2592000]\";}'
    'BACKEND_FEEHICMS' => 'flol3hcl7j8ado8g7ectqqi2sn'
    '_csrf_backend' => '9f5144bc2958dda5683d394b3d9bc3f499d9a50ca23968b2a2646b2e7eda893da:2:{i:0;s:13:\"_csrf_backend\";i:1;s:32:\"YQbji1rxs8EgeufUkJMbowEax6HwrZJ4\";}'
]

$_SESSION = [
    '__flash' => []
    '_backend_returnUrl' => '/admin/'
    '__captcha/site/captcha' => 'lnkd'
    '__captcha/site/captchacount' => 1
    '__backend__id' => 1
    '_update_referer' => 'http://localhost:8080/admin/'
]

$_SERVER = [
    'DOCUMENT_ROOT' => 'D:\\phpstudy_pro\\WWW\\frontend\\web'
    'REMOTE_ADDR' => '127.0.0.1'
    'REMOTE_PORT' => '17141'
    'SERVER_SOFTWARE' => 'PHP 7.3.4 Development Server'
    'SERVER_PROTOCOL' => 'HTTP/1.1'
    'SERVER_NAME' => 'localhost'
    'SERVER_PORT' => '8080'
    'REQUEST_URI' => '/admin/index.php?r=clear%2Fbackend'
    'REQUEST_METHOD' => 'GET'
    'SCRIPT_NAME' => '/admin/index.php'
    'SCRIPT_FILENAME' => 'D:\\phpstudy_pro\\WWW\\frontend\\web\\admin\\index.php'
    'PHP_SELF' => '/admin/index.php'
    'QUERY_STRING' => 'r=clear%2Fbackend'
    'HTTP_HOST' => 'localhost:8080'
    'HTTP_CONNECTION' => 'keep-alive'
    'HTTP_SEC_CH_UA' => '\"Not_A Brand\";v=\"99\", \"Microsoft Edge\";v=\"109\", \"Chromium\";v=\"109\"'
    'HTTP_SEC_CH_UA_MOBILE' => '?0'
    'HTTP_SEC_CH_UA_PLATFORM' => '\"Windows\"'
    'HTTP_UPGRADE_INSECURE_REQUESTS' => '1'
    'HTTP_USER_AGENT' => 'Mozilla/5.0 (Windows NT 10.0; Win64; x64) AppleWebKit/537.36 (KHTML, like Gecko) Chrome/109.0.0.0 Safari/537.36 Edg/109.0.1518.78'
    'HTTP_ACCEPT' => 'text/html,application/xhtml+xml,application/xml;q=0.9,image/webp,image/apng,*/*;q=0.8,application/signed-exchange;v=b3;q=0.9'
    'HTTP_SEC_FETCH_SITE' => 'same-origin'
    'HTTP_SEC_FETCH_MODE' => 'navigate'
    'HTTP_SEC_FETCH_DEST' => 'iframe'
    'HTTP_REFERER' => 'http://localhost:8080/admin/'
    'HTTP_ACCEPT_ENCODING' => 'gzip, deflate, br'
    'HTTP_ACCEPT_LANGUAGE' => 'zh-CN,zh;q=0.9,en;q=0.8,en-GB;q=0.7,en-US;q=0.6'
    'HTTP_COOKIE' => 'wordpress_logged_in_86a9106ae65537651a8e456835b316ab=mmma%7C1677050114%7CbT7ng8zBap8ZomuqdwGcjq60357AHSocZMRZYk1b7uI%7C33c8845584b6d712613a75dad4396516b8f24492be531ba5872116c6f5fd0330; wp-settings-time-1=1675943997; _identity-frontend=ff4723d33490d1a30d5640e71fd7d121f9b6f51fd9475373e1d93f547b10525aa%3A2%3A%7Bi%3A0%3Bs%3A18%3A%22_identity-frontend%22%3Bi%3A1%3Bs%3A46%3A%22%5B1%2C%224sSpK38KErySZpizaMO18REH4nXWPDrD%22%2C2592000%5D%22%3B%7D; _identity-backend=7223aaae057f741b3ba5c4d0725f6f17a2846f199c7fcfd05830ef9b8b13aedaa%3A2%3A%7Bi%3A0%3Bs%3A17%3A%22_identity-backend%22%3Bi%3A1%3Bs%3A46%3A%22%5B1%2C%224sSpK38KErySZpizaMO18REH4nXWPDrD%22%2C2592000%5D%22%3B%7D; BACKEND_FEEHICMS=flol3hcl7j8ado8g7ectqqi2sn; _csrf_backend=9f5144bc2958dda5683d394b3d9bc3f499d9a50ca23968b2a2646b2e7eda893da%3A2%3A%7Bi%3A0%3Bs%3A13%3A%22_csrf_backend%22%3Bi%3A1%3Bs%3A32%3A%22YQbji1rxs8EgeufUkJMbowEax6HwrZJ4%22%3B%7D'
    'REQUEST_TIME_FLOAT' => 1676129105.2604
    'REQUEST_TIME' => 1676129105
]
